INFO - 2023-04-05 06:17:01 --> Session: Class initialized using 'CodeIgniter\Session\Handlers\FileHandler' driver.
CRITICAL - 2023-04-05 06:17:01 --> Undefined array key "balance"
in APPPATH\Controllers\UpdatebalanceController.php on line 18.
 1 APPPATH\Controllers\UpdatebalanceController.php(18): CodeIgniter\Debug\Exceptions->errorHandler(2, 'Undefined array key "balance"', 'APPPATH\\Controllers\\UpdatebalanceController.php', 18)
 2 SYSTEMPATH\CodeIgniter.php(934): App\Controllers\UpdateBalanceController->index()
 3 SYSTEMPATH\CodeIgniter.php(499): CodeIgniter\CodeIgniter->runController(Object(App\Controllers\UpdateBalanceController))
 4 SYSTEMPATH\CodeIgniter.php(368): CodeIgniter\CodeIgniter->handleRequest(null, Object(Config\Cache), false)
 5 FCPATH\index.php(67): CodeIgniter\CodeIgniter->run()
INFO - 2023-04-05 06:17:13 --> Session: Class initialized using 'CodeIgniter\Session\Handlers\FileHandler' driver.
CRITICAL - 2023-04-05 06:17:13 --> Undefined array key "balance"
in APPPATH\Controllers\UpdatebalanceController.php on line 18.
 1 APPPATH\Controllers\UpdatebalanceController.php(18): CodeIgniter\Debug\Exceptions->errorHandler(2, 'Undefined array key "balance"', 'APPPATH\\Controllers\\UpdatebalanceController.php', 18)
 2 SYSTEMPATH\CodeIgniter.php(934): App\Controllers\UpdateBalanceController->index()
 3 SYSTEMPATH\CodeIgniter.php(499): CodeIgniter\CodeIgniter->runController(Object(App\Controllers\UpdateBalanceController))
 4 SYSTEMPATH\CodeIgniter.php(368): CodeIgniter\CodeIgniter->handleRequest(null, Object(Config\Cache), false)
 5 FCPATH\index.php(67): CodeIgniter\CodeIgniter->run()
INFO - 2023-04-05 06:17:51 --> Session: Class initialized using 'CodeIgniter\Session\Handlers\FileHandler' driver.
CRITICAL - 2023-04-05 06:17:51 --> Undefined array key "balance"
in APPPATH\Controllers\UpdatebalanceController.php on line 18.
 1 APPPATH\Controllers\UpdatebalanceController.php(18): CodeIgniter\Debug\Exceptions->errorHandler(2, 'Undefined array key "balance"', 'APPPATH\\Controllers\\UpdatebalanceController.php', 18)
 2 SYSTEMPATH\CodeIgniter.php(934): App\Controllers\UpdateBalanceController->index()
 3 SYSTEMPATH\CodeIgniter.php(499): CodeIgniter\CodeIgniter->runController(Object(App\Controllers\UpdateBalanceController))
 4 SYSTEMPATH\CodeIgniter.php(368): CodeIgniter\CodeIgniter->handleRequest(null, Object(Config\Cache), false)
 5 FCPATH\index.php(67): CodeIgniter\CodeIgniter->run()
INFO - 2023-04-05 06:17:54 --> Session: Class initialized using 'CodeIgniter\Session\Handlers\FileHandler' driver.
INFO - 2023-04-05 06:17:59 --> Session: Class initialized using 'CodeIgniter\Session\Handlers\FileHandler' driver.
INFO - 2023-04-05 06:17:59 --> Session: Class initialized using 'CodeIgniter\Session\Handlers\FileHandler' driver.
INFO - 2023-04-05 06:18:07 --> Session: Class initialized using 'CodeIgniter\Session\Handlers\FileHandler' driver.
INFO - 2023-04-05 10:05:37 --> Session: Class initialized using 'CodeIgniter\Session\Handlers\FileHandler' driver.
CRITICAL - 2023-04-05 10:05:37 --> Undefined array key "balance"
in APPPATH\Controllers\UpdatebalanceController.php on line 18.
 1 APPPATH\Controllers\UpdatebalanceController.php(18): CodeIgniter\Debug\Exceptions->errorHandler(2, 'Undefined array key "balance"', 'APPPATH\\Controllers\\UpdatebalanceController.php', 18)
 2 SYSTEMPATH\CodeIgniter.php(934): App\Controllers\UpdateBalanceController->index()
 3 SYSTEMPATH\CodeIgniter.php(499): CodeIgniter\CodeIgniter->runController(Object(App\Controllers\UpdateBalanceController))
 4 SYSTEMPATH\CodeIgniter.php(368): CodeIgniter\CodeIgniter->handleRequest(null, Object(Config\Cache), false)
 5 FCPATH\index.php(67): CodeIgniter\CodeIgniter->run()
CRITICAL - 2023-04-05 12:01:15 --> Class "App\Models\UsersModel" not found
in APPPATH\Controllers\AdminViewController.php on line 14.
 1 SYSTEMPATH\CodeIgniter.php(934): App\Controllers\AdminViewController->index()
 2 SYSTEMPATH\CodeIgniter.php(499): CodeIgniter\CodeIgniter->runController(Object(App\Controllers\AdminViewController))
 3 SYSTEMPATH\CodeIgniter.php(368): CodeIgniter\CodeIgniter->handleRequest(null, Object(Config\Cache), false)
 4 FCPATH\index.php(67): CodeIgniter\CodeIgniter->run()
CRITICAL - 2023-04-05 12:01:30 --> Undefined variable $vehicleModel
in APPPATH\Controllers\AdminViewController.php on line 16.
 1 APPPATH\Controllers\AdminViewController.php(16): CodeIgniter\Debug\Exceptions->errorHandler(2, 'Undefined variable $vehicleModel', 'APPPATH\\Controllers\\AdminViewController.php', 16)
 2 SYSTEMPATH\CodeIgniter.php(934): App\Controllers\AdminViewController->index()
 3 SYSTEMPATH\CodeIgniter.php(499): CodeIgniter\CodeIgniter->runController(Object(App\Controllers\AdminViewController))
 4 SYSTEMPATH\CodeIgniter.php(368): CodeIgniter\CodeIgniter->handleRequest(null, Object(Config\Cache), false)
 5 FCPATH\index.php(67): CodeIgniter\CodeIgniter->run()
CRITICAL - 2023-04-05 12:01:50 --> Undefined variable $infos
in APPPATH\Views\AdminViewMonitor.php on line 11.
 1 APPPATH\Views\AdminViewMonitor.php(11): CodeIgniter\Debug\Exceptions->errorHandler(2, 'Undefined variable $infos', 'APPPATH\\Views\\AdminViewMonitor.php', 11)
 2 SYSTEMPATH\View\View.php(213): include('APPPATH\\Views\\AdminViewMonitor.php')
 3 SYSTEMPATH\View\View.php(216): CodeIgniter\View\View->CodeIgniter\View\{closure}()
 4 SYSTEMPATH\Common.php(1184): CodeIgniter\View\View->render('AdminViewMonitor', [], true)
 5 APPPATH\Controllers\AdminViewController.php(26): view('AdminViewMonitor', [...])
 6 SYSTEMPATH\CodeIgniter.php(934): App\Controllers\AdminViewController->index()
 7 SYSTEMPATH\CodeIgniter.php(499): CodeIgniter\CodeIgniter->runController(Object(App\Controllers\AdminViewController))
 8 SYSTEMPATH\CodeIgniter.php(368): CodeIgniter\CodeIgniter->handleRequest(null, Object(Config\Cache), false)
 9 FCPATH\index.php(67): CodeIgniter\CodeIgniter->run()
CRITICAL - 2023-04-05 12:08:28 --> Trying to access array offset on value of type null
in APPPATH\Controllers\AdminViewController.php on line 21.
 1 APPPATH\Controllers\AdminViewController.php(21): CodeIgniter\Debug\Exceptions->errorHandler(2, 'Trying to access array offset on value of type null', 'APPPATH\\Controllers\\AdminViewController.php', 21)
 2 SYSTEMPATH\CodeIgniter.php(934): App\Controllers\AdminViewController->index()
 3 SYSTEMPATH\CodeIgniter.php(499): CodeIgniter\CodeIgniter->runController(Object(App\Controllers\AdminViewController))
 4 SYSTEMPATH\CodeIgniter.php(368): CodeIgniter\CodeIgniter->handleRequest(null, Object(Config\Cache), false)
 5 FCPATH\index.php(67): CodeIgniter\CodeIgniter->run()
CRITICAL - 2023-04-05 12:08:34 --> Trying to access array offset on value of type null
in APPPATH\Controllers\AdminViewController.php on line 21.
 1 APPPATH\Controllers\AdminViewController.php(21): CodeIgniter\Debug\Exceptions->errorHandler(2, 'Trying to access array offset on value of type null', 'APPPATH\\Controllers\\AdminViewController.php', 21)
 2 SYSTEMPATH\CodeIgniter.php(934): App\Controllers\AdminViewController->index()
 3 SYSTEMPATH\CodeIgniter.php(499): CodeIgniter\CodeIgniter->runController(Object(App\Controllers\AdminViewController))
 4 SYSTEMPATH\CodeIgniter.php(368): CodeIgniter\CodeIgniter->handleRequest(null, Object(Config\Cache), false)
 5 FCPATH\index.php(67): CodeIgniter\CodeIgniter->run()
CRITICAL - 2023-04-05 12:08:35 --> Trying to access array offset on value of type null
in APPPATH\Controllers\AdminViewController.php on line 21.
 1 APPPATH\Controllers\AdminViewController.php(21): CodeIgniter\Debug\Exceptions->errorHandler(2, 'Trying to access array offset on value of type null', 'APPPATH\\Controllers\\AdminViewController.php', 21)
 2 SYSTEMPATH\CodeIgniter.php(934): App\Controllers\AdminViewController->index()
 3 SYSTEMPATH\CodeIgniter.php(499): CodeIgniter\CodeIgniter->runController(Object(App\Controllers\AdminViewController))
 4 SYSTEMPATH\CodeIgniter.php(368): CodeIgniter\CodeIgniter->handleRequest(null, Object(Config\Cache), false)
 5 FCPATH\index.php(67): CodeIgniter\CodeIgniter->run()
CRITICAL - 2023-04-05 12:08:35 --> Trying to access array offset on value of type null
in APPPATH\Controllers\AdminViewController.php on line 21.
 1 APPPATH\Controllers\AdminViewController.php(21): CodeIgniter\Debug\Exceptions->errorHandler(2, 'Trying to access array offset on value of type null', 'APPPATH\\Controllers\\AdminViewController.php', 21)
 2 SYSTEMPATH\CodeIgniter.php(934): App\Controllers\AdminViewController->index()
 3 SYSTEMPATH\CodeIgniter.php(499): CodeIgniter\CodeIgniter->runController(Object(App\Controllers\AdminViewController))
 4 SYSTEMPATH\CodeIgniter.php(368): CodeIgniter\CodeIgniter->handleRequest(null, Object(Config\Cache), false)
 5 FCPATH\index.php(67): CodeIgniter\CodeIgniter->run()
CRITICAL - 2023-04-05 12:08:36 --> Trying to access array offset on value of type null
in APPPATH\Controllers\AdminViewController.php on line 21.
 1 APPPATH\Controllers\AdminViewController.php(21): CodeIgniter\Debug\Exceptions->errorHandler(2, 'Trying to access array offset on value of type null', 'APPPATH\\Controllers\\AdminViewController.php', 21)
 2 SYSTEMPATH\CodeIgniter.php(934): App\Controllers\AdminViewController->index()
 3 SYSTEMPATH\CodeIgniter.php(499): CodeIgniter\CodeIgniter->runController(Object(App\Controllers\AdminViewController))
 4 SYSTEMPATH\CodeIgniter.php(368): CodeIgniter\CodeIgniter->handleRequest(null, Object(Config\Cache), false)
 5 FCPATH\index.php(67): CodeIgniter\CodeIgniter->run()
CRITICAL - 2023-04-05 12:08:36 --> Trying to access array offset on value of type null
in APPPATH\Controllers\AdminViewController.php on line 21.
 1 APPPATH\Controllers\AdminViewController.php(21): CodeIgniter\Debug\Exceptions->errorHandler(2, 'Trying to access array offset on value of type null', 'APPPATH\\Controllers\\AdminViewController.php', 21)
 2 SYSTEMPATH\CodeIgniter.php(934): App\Controllers\AdminViewController->index()
 3 SYSTEMPATH\CodeIgniter.php(499): CodeIgniter\CodeIgniter->runController(Object(App\Controllers\AdminViewController))
 4 SYSTEMPATH\CodeIgniter.php(368): CodeIgniter\CodeIgniter->handleRequest(null, Object(Config\Cache), false)
 5 FCPATH\index.php(67): CodeIgniter\CodeIgniter->run()
CRITICAL - 2023-04-05 12:09:05 --> Trying to access array offset on value of type null
in APPPATH\Controllers\AdminViewController.php on line 21.
 1 APPPATH\Controllers\AdminViewController.php(21): CodeIgniter\Debug\Exceptions->errorHandler(2, 'Trying to access array offset on value of type null', 'APPPATH\\Controllers\\AdminViewController.php', 21)
 2 SYSTEMPATH\CodeIgniter.php(934): App\Controllers\AdminViewController->index()
 3 SYSTEMPATH\CodeIgniter.php(499): CodeIgniter\CodeIgniter->runController(Object(App\Controllers\AdminViewController))
 4 SYSTEMPATH\CodeIgniter.php(368): CodeIgniter\CodeIgniter->handleRequest(null, Object(Config\Cache), false)
 5 FCPATH\index.php(67): CodeIgniter\CodeIgniter->run()
CRITICAL - 2023-04-05 12:09:33 --> Trying to access array offset on value of type null
in APPPATH\Controllers\AdminViewController.php on line 21.
 1 APPPATH\Controllers\AdminViewController.php(21): CodeIgniter\Debug\Exceptions->errorHandler(2, 'Trying to access array offset on value of type null', 'APPPATH\\Controllers\\AdminViewController.php', 21)
 2 SYSTEMPATH\CodeIgniter.php(934): App\Controllers\AdminViewController->index()
 3 SYSTEMPATH\CodeIgniter.php(499): CodeIgniter\CodeIgniter->runController(Object(App\Controllers\AdminViewController))
 4 SYSTEMPATH\CodeIgniter.php(368): CodeIgniter\CodeIgniter->handleRequest(null, Object(Config\Cache), false)
 5 FCPATH\index.php(67): CodeIgniter\CodeIgniter->run()
CRITICAL - 2023-04-05 12:09:34 --> Trying to access array offset on value of type null
in APPPATH\Controllers\AdminViewController.php on line 21.
 1 APPPATH\Controllers\AdminViewController.php(21): CodeIgniter\Debug\Exceptions->errorHandler(2, 'Trying to access array offset on value of type null', 'APPPATH\\Controllers\\AdminViewController.php', 21)
 2 SYSTEMPATH\CodeIgniter.php(934): App\Controllers\AdminViewController->index()
 3 SYSTEMPATH\CodeIgniter.php(499): CodeIgniter\CodeIgniter->runController(Object(App\Controllers\AdminViewController))
 4 SYSTEMPATH\CodeIgniter.php(368): CodeIgniter\CodeIgniter->handleRequest(null, Object(Config\Cache), false)
 5 FCPATH\index.php(67): CodeIgniter\CodeIgniter->run()
CRITICAL - 2023-04-05 12:09:45 --> Trying to access array offset on value of type null
in APPPATH\Controllers\AdminViewController.php on line 21.
 1 APPPATH\Controllers\AdminViewController.php(21): CodeIgniter\Debug\Exceptions->errorHandler(2, 'Trying to access array offset on value of type null', 'APPPATH\\Controllers\\AdminViewController.php', 21)
 2 SYSTEMPATH\CodeIgniter.php(934): App\Controllers\AdminViewController->index()
 3 SYSTEMPATH\CodeIgniter.php(499): CodeIgniter\CodeIgniter->runController(Object(App\Controllers\AdminViewController))
 4 SYSTEMPATH\CodeIgniter.php(368): CodeIgniter\CodeIgniter->handleRequest(null, Object(Config\Cache), false)
 5 FCPATH\index.php(67): CodeIgniter\CodeIgniter->run()
