CRITICAL - 2023-03-21 12:34:51 --> Class "App\Controllers\Controller" not found
in APPPATH\Controllers\ParkingSlotController.php on line 7.
 1 SYSTEMPATH\Autoloader\Autoloader.php(312): include_once()
 2 SYSTEMPATH\Autoloader\Autoloader.php(289): CodeIgniter\Autoloader\Autoloader->includeFile('APPPATH\\Controllers\\ParkingSlotController.php')
 3 SYSTEMPATH\Autoloader\Autoloader.php(267): CodeIgniter\Autoloader\Autoloader->loadInNamespace('App\\Controllers\\ParkingSlotController')
 4 [internal function]: CodeIgniter\Autoloader\Autoloader->loadClass('App\\Controllers\\ParkingSlotController')
 5 SYSTEMPATH\CodeIgniter.php(892): class_exists('\\App\\Controllers\\ParkingSlotController', true)
 6 SYSTEMPATH\CodeIgniter.php(486): CodeIgniter\CodeIgniter->startController()
 7 SYSTEMPATH\CodeIgniter.php(368): CodeIgniter\CodeIgniter->handleRequest(null, Object(Config\Cache), false)
 8 FCPATH\index.php(67): CodeIgniter\CodeIgniter->run()
CRITICAL - 2023-03-21 12:47:10 --> Object of class CodeIgniter\Router\RouteCollection could not be converted to string
in APPPATH\Config\Routes.php on line 43.
 1 SYSTEMPATH\Router\RouteCollection.php(267): require()
 2 SYSTEMPATH\CodeIgniter.php(802): CodeIgniter\Router\RouteCollection->loadRoutes()
 3 SYSTEMPATH\CodeIgniter.php(449): CodeIgniter\CodeIgniter->tryToRouteIt(null)
 4 SYSTEMPATH\CodeIgniter.php(368): CodeIgniter\CodeIgniter->handleRequest(null, Object(Config\Cache), false)
 5 FCPATH\index.php(67): CodeIgniter\CodeIgniter->run()
CRITICAL - 2023-03-21 12:47:11 --> Object of class CodeIgniter\Router\RouteCollection could not be converted to string
in APPPATH\Config\Routes.php on line 43.
 1 SYSTEMPATH\Router\RouteCollection.php(267): require()
 2 SYSTEMPATH\CodeIgniter.php(802): CodeIgniter\Router\RouteCollection->loadRoutes()
 3 SYSTEMPATH\CodeIgniter.php(449): CodeIgniter\CodeIgniter->tryToRouteIt(null)
 4 SYSTEMPATH\CodeIgniter.php(368): CodeIgniter\CodeIgniter->handleRequest(null, Object(Config\Cache), false)
 5 FCPATH\index.php(67): CodeIgniter\CodeIgniter->run()
CRITICAL - 2023-03-21 12:48:47 --> Invalid file: "parking_slot_view.php"
in SYSTEMPATH\Exceptions\FrameworkException.php on line 33.
 1 SYSTEMPATH\View\View.php(201): CodeIgniter\Exceptions\FrameworkException::forInvalidFile('parking_slot_view.php')
 2 SYSTEMPATH\Common.php(1184): CodeIgniter\View\View->render('parking_slot_view', [], true)
 3 APPPATH\Controllers\ParkingSlotController.php(19): view('parking_slot_view', [...])
 4 SYSTEMPATH\CodeIgniter.php(934): App\Controllers\ParkingSlotController->index()
 5 SYSTEMPATH\CodeIgniter.php(499): CodeIgniter\CodeIgniter->runController(Object(App\Controllers\ParkingSlotController))
 6 SYSTEMPATH\CodeIgniter.php(368): CodeIgniter\CodeIgniter->handleRequest(null, Object(Config\Cache), false)
 7 FCPATH\index.php(67): CodeIgniter\CodeIgniter->run()
CRITICAL - 2023-03-21 12:49:15 --> Undefined array key "name"
in APPPATH\Views\ParkingSlotView.php on line 20.
 1 APPPATH\Views\ParkingSlotView.php(20): CodeIgniter\Debug\Exceptions->errorHandler(2, 'Undefined array key "name"', 'APPPATH\\Views\\ParkingSlotView.php', 20)
 2 SYSTEMPATH\View\View.php(213): include('APPPATH\\Views\\ParkingSlotView.php')
 3 SYSTEMPATH\View\View.php(216): CodeIgniter\View\View->CodeIgniter\View\{closure}()
 4 SYSTEMPATH\Common.php(1184): CodeIgniter\View\View->render('ParkingSlotView', [], true)
 5 APPPATH\Controllers\ParkingSlotController.php(19): view('ParkingSlotView', [...])
 6 SYSTEMPATH\CodeIgniter.php(934): App\Controllers\ParkingSlotController->index()
 7 SYSTEMPATH\CodeIgniter.php(499): CodeIgniter\CodeIgniter->runController(Object(App\Controllers\ParkingSlotController))
 8 SYSTEMPATH\CodeIgniter.php(368): CodeIgniter\CodeIgniter->handleRequest(null, Object(Config\Cache), false)
 9 FCPATH\index.php(67): CodeIgniter\CodeIgniter->run()
CRITICAL - 2023-03-21 12:50:13 --> Undefined variable $parkingSlot
in APPPATH\Views\ParkingSlotView.php on line 19.
 1 APPPATH\Views\ParkingSlotView.php(19): CodeIgniter\Debug\Exceptions->errorHandler(2, 'Undefined variable $parkingSlot', 'APPPATH\\Views\\ParkingSlotView.php', 19)
 2 SYSTEMPATH\View\View.php(213): include('APPPATH\\Views\\ParkingSlotView.php')
 3 SYSTEMPATH\View\View.php(216): CodeIgniter\View\View->CodeIgniter\View\{closure}()
 4 SYSTEMPATH\Common.php(1184): CodeIgniter\View\View->render('ParkingSlotView', [], true)
 5 APPPATH\Controllers\ParkingSlotController.php(19): view('ParkingSlotView', [...])
 6 SYSTEMPATH\CodeIgniter.php(934): App\Controllers\ParkingSlotController->index()
 7 SYSTEMPATH\CodeIgniter.php(499): CodeIgniter\CodeIgniter->runController(Object(App\Controllers\ParkingSlotController))
 8 SYSTEMPATH\CodeIgniter.php(368): CodeIgniter\CodeIgniter->handleRequest(null, Object(Config\Cache), false)
 9 FCPATH\index.php(67): CodeIgniter\CodeIgniter->run()
CRITICAL - 2023-03-21 12:50:14 --> Undefined variable $parkingSlot
in APPPATH\Views\ParkingSlotView.php on line 19.
 1 APPPATH\Views\ParkingSlotView.php(19): CodeIgniter\Debug\Exceptions->errorHandler(2, 'Undefined variable $parkingSlot', 'APPPATH\\Views\\ParkingSlotView.php', 19)
 2 SYSTEMPATH\View\View.php(213): include('APPPATH\\Views\\ParkingSlotView.php')
 3 SYSTEMPATH\View\View.php(216): CodeIgniter\View\View->CodeIgniter\View\{closure}()
 4 SYSTEMPATH\Common.php(1184): CodeIgniter\View\View->render('ParkingSlotView', [], true)
 5 APPPATH\Controllers\ParkingSlotController.php(19): view('ParkingSlotView', [...])
 6 SYSTEMPATH\CodeIgniter.php(934): App\Controllers\ParkingSlotController->index()
 7 SYSTEMPATH\CodeIgniter.php(499): CodeIgniter\CodeIgniter->runController(Object(App\Controllers\ParkingSlotController))
 8 SYSTEMPATH\CodeIgniter.php(368): CodeIgniter\CodeIgniter->handleRequest(null, Object(Config\Cache), false)
 9 FCPATH\index.php(67): CodeIgniter\CodeIgniter->run()
CRITICAL - 2023-03-21 12:50:15 --> Undefined variable $parkingSlot
in APPPATH\Views\ParkingSlotView.php on line 19.
 1 APPPATH\Views\ParkingSlotView.php(19): CodeIgniter\Debug\Exceptions->errorHandler(2, 'Undefined variable $parkingSlot', 'APPPATH\\Views\\ParkingSlotView.php', 19)
 2 SYSTEMPATH\View\View.php(213): include('APPPATH\\Views\\ParkingSlotView.php')
 3 SYSTEMPATH\View\View.php(216): CodeIgniter\View\View->CodeIgniter\View\{closure}()
 4 SYSTEMPATH\Common.php(1184): CodeIgniter\View\View->render('ParkingSlotView', [], true)
 5 APPPATH\Controllers\ParkingSlotController.php(19): view('ParkingSlotView', [...])
 6 SYSTEMPATH\CodeIgniter.php(934): App\Controllers\ParkingSlotController->index()
 7 SYSTEMPATH\CodeIgniter.php(499): CodeIgniter\CodeIgniter->runController(Object(App\Controllers\ParkingSlotController))
 8 SYSTEMPATH\CodeIgniter.php(368): CodeIgniter\CodeIgniter->handleRequest(null, Object(Config\Cache), false)
 9 FCPATH\index.php(67): CodeIgniter\CodeIgniter->run()
CRITICAL - 2023-03-21 12:50:16 --> Undefined variable $parkingSlot
in APPPATH\Views\ParkingSlotView.php on line 19.
 1 APPPATH\Views\ParkingSlotView.php(19): CodeIgniter\Debug\Exceptions->errorHandler(2, 'Undefined variable $parkingSlot', 'APPPATH\\Views\\ParkingSlotView.php', 19)
 2 SYSTEMPATH\View\View.php(213): include('APPPATH\\Views\\ParkingSlotView.php')
 3 SYSTEMPATH\View\View.php(216): CodeIgniter\View\View->CodeIgniter\View\{closure}()
 4 SYSTEMPATH\Common.php(1184): CodeIgniter\View\View->render('ParkingSlotView', [], true)
 5 APPPATH\Controllers\ParkingSlotController.php(19): view('ParkingSlotView', [...])
 6 SYSTEMPATH\CodeIgniter.php(934): App\Controllers\ParkingSlotController->index()
 7 SYSTEMPATH\CodeIgniter.php(499): CodeIgniter\CodeIgniter->runController(Object(App\Controllers\ParkingSlotController))
 8 SYSTEMPATH\CodeIgniter.php(368): CodeIgniter\CodeIgniter->handleRequest(null, Object(Config\Cache), false)
 9 FCPATH\index.php(67): CodeIgniter\CodeIgniter->run()
CRITICAL - 2023-03-21 12:50:16 --> Undefined variable $parkingSlot
in APPPATH\Views\ParkingSlotView.php on line 19.
 1 APPPATH\Views\ParkingSlotView.php(19): CodeIgniter\Debug\Exceptions->errorHandler(2, 'Undefined variable $parkingSlot', 'APPPATH\\Views\\ParkingSlotView.php', 19)
 2 SYSTEMPATH\View\View.php(213): include('APPPATH\\Views\\ParkingSlotView.php')
 3 SYSTEMPATH\View\View.php(216): CodeIgniter\View\View->CodeIgniter\View\{closure}()
 4 SYSTEMPATH\Common.php(1184): CodeIgniter\View\View->render('ParkingSlotView', [], true)
 5 APPPATH\Controllers\ParkingSlotController.php(19): view('ParkingSlotView', [...])
 6 SYSTEMPATH\CodeIgniter.php(934): App\Controllers\ParkingSlotController->index()
 7 SYSTEMPATH\CodeIgniter.php(499): CodeIgniter\CodeIgniter->runController(Object(App\Controllers\ParkingSlotController))
 8 SYSTEMPATH\CodeIgniter.php(368): CodeIgniter\CodeIgniter->handleRequest(null, Object(Config\Cache), false)
 9 FCPATH\index.php(67): CodeIgniter\CodeIgniter->run()
CRITICAL - 2023-03-21 12:50:16 --> Undefined variable $parkingSlot
in APPPATH\Views\ParkingSlotView.php on line 19.
 1 APPPATH\Views\ParkingSlotView.php(19): CodeIgniter\Debug\Exceptions->errorHandler(2, 'Undefined variable $parkingSlot', 'APPPATH\\Views\\ParkingSlotView.php', 19)
 2 SYSTEMPATH\View\View.php(213): include('APPPATH\\Views\\ParkingSlotView.php')
 3 SYSTEMPATH\View\View.php(216): CodeIgniter\View\View->CodeIgniter\View\{closure}()
 4 SYSTEMPATH\Common.php(1184): CodeIgniter\View\View->render('ParkingSlotView', [], true)
 5 APPPATH\Controllers\ParkingSlotController.php(19): view('ParkingSlotView', [...])
 6 SYSTEMPATH\CodeIgniter.php(934): App\Controllers\ParkingSlotController->index()
 7 SYSTEMPATH\CodeIgniter.php(499): CodeIgniter\CodeIgniter->runController(Object(App\Controllers\ParkingSlotController))
 8 SYSTEMPATH\CodeIgniter.php(368): CodeIgniter\CodeIgniter->handleRequest(null, Object(Config\Cache), false)
 9 FCPATH\index.php(67): CodeIgniter\CodeIgniter->run()
CRITICAL - 2023-03-21 12:51:22 --> Undefined array key "name"
in APPPATH\Views\ParkingSlotView.php on line 20.
 1 APPPATH\Views\ParkingSlotView.php(20): CodeIgniter\Debug\Exceptions->errorHandler(2, 'Undefined array key "name"', 'APPPATH\\Views\\ParkingSlotView.php', 20)
 2 SYSTEMPATH\View\View.php(213): include('APPPATH\\Views\\ParkingSlotView.php')
 3 SYSTEMPATH\View\View.php(216): CodeIgniter\View\View->CodeIgniter\View\{closure}()
 4 SYSTEMPATH\Common.php(1184): CodeIgniter\View\View->render('ParkingSlotView', [], true)
 5 APPPATH\Controllers\ParkingSlotController.php(19): view('ParkingSlotView', [...])
 6 SYSTEMPATH\CodeIgniter.php(934): App\Controllers\ParkingSlotController->index()
 7 SYSTEMPATH\CodeIgniter.php(499): CodeIgniter\CodeIgniter->runController(Object(App\Controllers\ParkingSlotController))
 8 SYSTEMPATH\CodeIgniter.php(368): CodeIgniter\CodeIgniter->handleRequest(null, Object(Config\Cache), false)
 9 FCPATH\index.php(67): CodeIgniter\CodeIgniter->run()
CRITICAL - 2023-03-21 13:08:13 --> Call to undefined function BaseUrl()
in APPPATH\Views\ParkingSlotView.php on line 23.
 1 SYSTEMPATH\View\View.php(213): include()
 2 SYSTEMPATH\View\View.php(216): CodeIgniter\View\View->CodeIgniter\View\{closure}()
 3 SYSTEMPATH\Common.php(1184): CodeIgniter\View\View->render('ParkingSlotView', [], true)
 4 APPPATH\Controllers\ParkingSlotController.php(13): view('ParkingSlotView', [...])
 5 SYSTEMPATH\CodeIgniter.php(934): App\Controllers\ParkingSlotController->index()
 6 SYSTEMPATH\CodeIgniter.php(499): CodeIgniter\CodeIgniter->runController(Object(App\Controllers\ParkingSlotController))
 7 SYSTEMPATH\CodeIgniter.php(368): CodeIgniter\CodeIgniter->handleRequest(null, Object(Config\Cache), false)
 8 FCPATH\index.php(67): CodeIgniter\CodeIgniter->run()
INFO - 2023-03-21 13:08:37 --> Session: Class initialized using 'CodeIgniter\Session\Handlers\FileHandler' driver.
INFO - 2023-03-21 13:10:52 --> Session: Class initialized using 'CodeIgniter\Session\Handlers\FileHandler' driver.
INFO - 2023-03-21 13:11:12 --> Session: Class initialized using 'CodeIgniter\Session\Handlers\FileHandler' driver.
