CRITICAL - 2023-04-22 05:19:04 --> Trying to access array offset on value of type null
in APPPATH/Controllers/AdminViewController.php on line 30.
 1 APPPATH/Controllers/AdminViewController.php(30): CodeIgniter\Debug\Exceptions->errorHandler()
 2 SYSTEMPATH/CodeIgniter.php(934): App\Controllers\AdminViewController->index()
 3 SYSTEMPATH/CodeIgniter.php(499): CodeIgniter\CodeIgniter->runController()
 4 SYSTEMPATH/CodeIgniter.php(368): CodeIgniter\CodeIgniter->handleRequest()
 5 FCPATH/index.php(67): CodeIgniter\CodeIgniter->run()
CRITICAL - 2023-04-22 05:19:28 --> Trying to access array offset on value of type null
in APPPATH/Controllers/AdminViewController.php on line 30.
 1 APPPATH/Controllers/AdminViewController.php(30): CodeIgniter\Debug\Exceptions->errorHandler()
 2 SYSTEMPATH/CodeIgniter.php(934): App\Controllers\AdminViewController->index()
 3 SYSTEMPATH/CodeIgniter.php(499): CodeIgniter\CodeIgniter->runController()
 4 SYSTEMPATH/CodeIgniter.php(368): CodeIgniter\CodeIgniter->handleRequest()
 5 FCPATH/index.php(67): CodeIgniter\CodeIgniter->run()
CRITICAL - 2023-04-22 05:25:09 --> Trying to access array offset on value of type null
in APPPATH/Controllers/AdminViewController.php on line 30.
 1 APPPATH/Controllers/AdminViewController.php(30): CodeIgniter\Debug\Exceptions->errorHandler()
 2 SYSTEMPATH/CodeIgniter.php(934): App\Controllers\AdminViewController->index()
 3 SYSTEMPATH/CodeIgniter.php(499): CodeIgniter\CodeIgniter->runController()
 4 SYSTEMPATH/CodeIgniter.php(368): CodeIgniter\CodeIgniter->handleRequest()
 5 FCPATH/index.php(67): CodeIgniter\CodeIgniter->run()
CRITICAL - 2023-04-22 05:26:48 --> Trying to access array offset on value of type null
in APPPATH/Controllers/AdminViewController.php on line 30.
 1 APPPATH/Controllers/AdminViewController.php(30): CodeIgniter\Debug\Exceptions->errorHandler()
 2 SYSTEMPATH/CodeIgniter.php(934): App\Controllers\AdminViewController->index()
 3 SYSTEMPATH/CodeIgniter.php(499): CodeIgniter\CodeIgniter->runController()
 4 SYSTEMPATH/CodeIgniter.php(368): CodeIgniter\CodeIgniter->handleRequest()
 5 FCPATH/index.php(67): CodeIgniter\CodeIgniter->run()
CRITICAL - 2023-04-22 05:31:52 --> Trying to access array offset on value of type null
in APPPATH/Controllers/AdminViewController.php on line 27.
 1 APPPATH/Controllers/AdminViewController.php(27): CodeIgniter\Debug\Exceptions->errorHandler()
 2 SYSTEMPATH/CodeIgniter.php(934): App\Controllers\AdminViewController->index()
 3 SYSTEMPATH/CodeIgniter.php(499): CodeIgniter\CodeIgniter->runController()
 4 SYSTEMPATH/CodeIgniter.php(368): CodeIgniter\CodeIgniter->handleRequest()
 5 FCPATH/index.php(67): CodeIgniter\CodeIgniter->run()
CRITICAL - 2023-04-22 05:32:52 --> Trying to access array offset on value of type null
in APPPATH/Controllers/AdminViewController.php on line 26.
 1 APPPATH/Controllers/AdminViewController.php(26): CodeIgniter\Debug\Exceptions->errorHandler()
 2 SYSTEMPATH/CodeIgniter.php(934): App\Controllers\AdminViewController->index()
 3 SYSTEMPATH/CodeIgniter.php(499): CodeIgniter\CodeIgniter->runController()
 4 SYSTEMPATH/CodeIgniter.php(368): CodeIgniter\CodeIgniter->handleRequest()
 5 FCPATH/index.php(67): CodeIgniter\CodeIgniter->run()
CRITICAL - 2023-04-22 05:35:07 --> Trying to access array offset on value of type null
in APPPATH/Controllers/AdminViewController.php on line 26.
 1 APPPATH/Controllers/AdminViewController.php(26): CodeIgniter\Debug\Exceptions->errorHandler()
 2 SYSTEMPATH/CodeIgniter.php(934): App\Controllers\AdminViewController->index()
 3 SYSTEMPATH/CodeIgniter.php(499): CodeIgniter\CodeIgniter->runController()
 4 SYSTEMPATH/CodeIgniter.php(368): CodeIgniter\CodeIgniter->handleRequest()
 5 FCPATH/index.php(67): CodeIgniter\CodeIgniter->run()
CRITICAL - 2023-04-22 05:35:50 --> Trying to access array offset on value of type null
in APPPATH/Controllers/AdminViewController.php on line 21.
 1 APPPATH/Controllers/AdminViewController.php(21): CodeIgniter\Debug\Exceptions->errorHandler()
 2 SYSTEMPATH/CodeIgniter.php(934): App\Controllers\AdminViewController->index()
 3 SYSTEMPATH/CodeIgniter.php(499): CodeIgniter\CodeIgniter->runController()
 4 SYSTEMPATH/CodeIgniter.php(368): CodeIgniter\CodeIgniter->handleRequest()
 5 FCPATH/index.php(67): CodeIgniter\CodeIgniter->run()
ERROR - 2023-04-22 05:56:09 --> mysqli_sql_exception: Unknown column 'rfid_no1' in 'where clause' in /home/u678076972/domains/easypark.tech/public_html/system/Database/MySQLi/Connection.php:295
Stack trace:
#0 /home/u678076972/domains/easypark.tech/public_html/system/Database/MySQLi/Connection.php(295): mysqli->query()
#1 /home/u678076972/domains/easypark.tech/public_html/system/Database/BaseConnection.php(691): CodeIgniter\Database\MySQLi\Connection->execute()
#2 /home/u678076972/domains/easypark.tech/public_html/system/Database/BaseConnection.php(605): CodeIgniter\Database\BaseConnection->simpleQuery()
#3 /home/u678076972/domains/easypark.tech/public_html/system/Database/BaseBuilder.php(1616): CodeIgniter\Database\BaseConnection->query()
#4 /home/u678076972/domains/easypark.tech/public_html/system/Model.php(268): CodeIgniter\Database\BaseBuilder->get()
#5 /home/u678076972/domains/easypark.tech/public_html/system/BaseModel.php(656): CodeIgniter\Model->doFirst()
#6 /home/u678076972/domains/easypark.tech/public_html/app/Controllers/ExitController.php(50): CodeIgniter\BaseModel->first()
#7 /home/u678076972/domains/easypark.tech/public_html/system/CodeIgniter.php(934): App\Controllers\ExitController->index()
#8 /home/u678076972/domains/easypark.tech/public_html/system/CodeIgniter.php(499): CodeIgniter\CodeIgniter->runController()
#9 /home/u678076972/domains/easypark.tech/public_html/system/CodeIgniter.php(368): CodeIgniter\CodeIgniter->handleRequest()
#10 /home/u678076972/domains/easypark.tech/public_html/public/index.php(67): CodeIgniter\CodeIgniter->run()
#11 {main}
CRITICAL - 2023-04-22 05:56:09 --> Unknown column 'rfid_no1' in 'where clause'
in SYSTEMPATH/Database/BaseConnection.php on line 645.
 1 SYSTEMPATH/Database/BaseBuilder.php(1616): CodeIgniter\Database\BaseConnection->query()
 2 SYSTEMPATH/Model.php(268): CodeIgniter\Database\BaseBuilder->get()
 3 SYSTEMPATH/BaseModel.php(656): CodeIgniter\Model->doFirst()
 4 APPPATH/Controllers/ExitController.php(50): CodeIgniter\BaseModel->first()
 5 SYSTEMPATH/CodeIgniter.php(934): App\Controllers\ExitController->index()
 6 SYSTEMPATH/CodeIgniter.php(499): CodeIgniter\CodeIgniter->runController()
 7 SYSTEMPATH/CodeIgniter.php(368): CodeIgniter\CodeIgniter->handleRequest()
 8 FCPATH/index.php(67): CodeIgniter\CodeIgniter->run()
CRITICAL - 2023-04-22 15:37:44 --> Too few arguments to function CodeIgniter\Pager\PagerRenderer::__construct(), 0 passed in /home/u678076972/domains/easypark.tech/public_html/app/Controllers/AdminViewController.php on line 29 and exactly 1 expected
in SYSTEMPATH/Pager/PagerRenderer.php on line 84.
 1 APPPATH/Controllers/AdminViewController.php(29): CodeIgniter\Pager\PagerRenderer->__construct()
 2 SYSTEMPATH/CodeIgniter.php(934): App\Controllers\AdminViewController->index()
 3 SYSTEMPATH/CodeIgniter.php(499): CodeIgniter\CodeIgniter->runController()
 4 SYSTEMPATH/CodeIgniter.php(368): CodeIgniter\CodeIgniter->handleRequest()
 5 FCPATH/index.php(67): CodeIgniter\CodeIgniter->run()
CRITICAL - 2023-04-22 15:40:52 --> CodeIgniter\Pager\PagerRenderer::__construct(): Argument #1 ($details) must be of type array, CodeIgniter\Pager\Pager given, called in /home/u678076972/domains/easypark.tech/public_html/app/Controllers/AdminViewController.php on line 34
in SYSTEMPATH/Pager/PagerRenderer.php on line 84.
 1 APPPATH/Controllers/AdminViewController.php(34): CodeIgniter\Pager\PagerRenderer->__construct()
 2 SYSTEMPATH/CodeIgniter.php(934): App\Controllers\AdminViewController->index()
 3 SYSTEMPATH/CodeIgniter.php(499): CodeIgniter\CodeIgniter->runController()
 4 SYSTEMPATH/CodeIgniter.php(368): CodeIgniter\CodeIgniter->handleRequest()
 5 FCPATH/index.php(67): CodeIgniter\CodeIgniter->run()
CRITICAL - 2023-04-22 15:41:05 --> CodeIgniter\Pager\PagerRenderer::__construct(): Argument #1 ($details) must be of type array, CodeIgniter\Pager\Pager given, called in /home/u678076972/domains/easypark.tech/public_html/app/Controllers/AdminViewController.php on line 34
in SYSTEMPATH/Pager/PagerRenderer.php on line 84.
 1 APPPATH/Controllers/AdminViewController.php(34): CodeIgniter\Pager\PagerRenderer->__construct()
 2 SYSTEMPATH/CodeIgniter.php(934): App\Controllers\AdminViewController->index()
 3 SYSTEMPATH/CodeIgniter.php(499): CodeIgniter\CodeIgniter->runController()
 4 SYSTEMPATH/CodeIgniter.php(368): CodeIgniter\CodeIgniter->handleRequest()
 5 FCPATH/index.php(67): CodeIgniter\CodeIgniter->run()
CRITICAL - 2023-04-22 15:42:34 --> "bootstrap" is not a valid Pager template.
in SYSTEMPATH/Pager/Pager.php on line 120.
 1 SYSTEMPATH/Pager/Pager.php(120): CodeIgniter\Pager\Exceptions\PagerException::forInvalidTemplate()
 2 SYSTEMPATH/Pager/Pager.php(110): CodeIgniter\Pager\Pager->displayLinks()
 3 APPPATH/Controllers/AdminViewController.php(48): CodeIgniter\Pager\Pager->makeLinks()
 4 SYSTEMPATH/CodeIgniter.php(934): App\Controllers\AdminViewController->index()
 5 SYSTEMPATH/CodeIgniter.php(499): CodeIgniter\CodeIgniter->runController()
 6 SYSTEMPATH/CodeIgniter.php(368): CodeIgniter\CodeIgniter->handleRequest()
 7 FCPATH/index.php(67): CodeIgniter\CodeIgniter->run()
CRITICAL - 2023-04-22 15:45:15 --> CodeIgniter\Pager\Pager::makeLinks(): Argument #4 ($template) must be of type string, null given, called in /home/u678076972/domains/easypark.tech/public_html/app/Controllers/AdminViewController.php on line 39
in SYSTEMPATH/Pager/Pager.php on line 104.
 1 APPPATH/Controllers/AdminViewController.php(39): CodeIgniter\Pager\Pager->makeLinks()
 2 SYSTEMPATH/CodeIgniter.php(934): App\Controllers\AdminViewController->index()
 3 SYSTEMPATH/CodeIgniter.php(499): CodeIgniter\CodeIgniter->runController()
 4 SYSTEMPATH/CodeIgniter.php(368): CodeIgniter\CodeIgniter->handleRequest()
 5 FCPATH/index.php(67): CodeIgniter\CodeIgniter->run()
CRITICAL - 2023-04-22 15:48:49 --> CodeIgniter\Pager\Pager::makeLinks(): Argument #1 ($page) must be of type int, array given, called in /home/u678076972/domains/easypark.tech/public_html/app/Controllers/AdminViewController.php on line 33
in SYSTEMPATH/Pager/Pager.php on line 104.
 1 APPPATH/Controllers/AdminViewController.php(33): CodeIgniter\Pager\Pager->makeLinks()
 2 SYSTEMPATH/CodeIgniter.php(934): App\Controllers\AdminViewController->index()
 3 SYSTEMPATH/CodeIgniter.php(499): CodeIgniter\CodeIgniter->runController()
 4 SYSTEMPATH/CodeIgniter.php(368): CodeIgniter\CodeIgniter->handleRequest()
 5 FCPATH/index.php(67): CodeIgniter\CodeIgniter->run()
