INFO - 2023-03-30 07:10:55 --> Session: Class initialized using 'CodeIgniter\Session\Handlers\FileHandler' driver.
INFO - 2023-03-30 07:27:43 --> Session: Class initialized using 'CodeIgniter\Session\Handlers\FileHandler' driver.
INFO - 2023-03-30 07:28:00 --> Session: Class initialized using 'CodeIgniter\Session\Handlers\FileHandler' driver.
ERROR - 2023-03-30 07:28:00 --> Error connecting to the database: mysqli_sql_exception: Unknown database 'easpyark_users' in C:\xampp\htdocs\ci4_project\system\Database\MySQLi\Connection.php:173
Stack trace:
#0 C:\xampp\htdocs\ci4_project\system\Database\MySQLi\Connection.php(173): mysqli->real_connect('127.0.0.1', 'root', Object(SensitiveParameterValue), 'easpyark_users', 3306, '', 0)
#1 C:\xampp\htdocs\ci4_project\system\Database\BaseConnection.php(391): CodeIgniter\Database\MySQLi\Connection->connect(false)
#2 C:\xampp\htdocs\ci4_project\system\Database\BaseConnection.php(573): CodeIgniter\Database\BaseConnection->initialize()
#3 C:\xampp\htdocs\ci4_project\system\Database\BaseBuilder.php(1616): CodeIgniter\Database\BaseConnection->query('SELECT *\nFROM `...', Array, false)
#4 C:\xampp\htdocs\ci4_project\system\Model.php(268): CodeIgniter\Database\BaseBuilder->get()
#5 C:\xampp\htdocs\ci4_project\system\BaseModel.php(656): CodeIgniter\Model->doFirst()
#6 C:\xampp\htdocs\ci4_project\app\Controllers\LoginController.php(24): CodeIgniter\BaseModel->first()
#7 C:\xampp\htdocs\ci4_project\system\CodeIgniter.php(934): App\Controllers\LoginController->login()
#8 C:\xampp\htdocs\ci4_project\system\CodeIgniter.php(499): CodeIgniter\CodeIgniter->runController(Object(App\Controllers\LoginController))
#9 C:\xampp\htdocs\ci4_project\system\CodeIgniter.php(368): CodeIgniter\CodeIgniter->handleRequest(NULL, Object(Config\Cache), false)
#10 C:\xampp\htdocs\ci4_project\public\index.php(67): CodeIgniter\CodeIgniter->run()
#11 {main}

Next CodeIgniter\Database\Exceptions\DatabaseException: Unknown database 'easpyark_users' in C:\xampp\htdocs\ci4_project\system\Database\MySQLi\Connection.php:218
Stack trace:
#0 C:\xampp\htdocs\ci4_project\system\Database\BaseConnection.php(391): CodeIgniter\Database\MySQLi\Connection->connect(false)
#1 C:\xampp\htdocs\ci4_project\system\Database\BaseConnection.php(573): CodeIgniter\Database\BaseConnection->initialize()
#2 C:\xampp\htdocs\ci4_project\system\Database\BaseBuilder.php(1616): CodeIgniter\Database\BaseConnection->query('SELECT *\nFROM `...', Array, false)
#3 C:\xampp\htdocs\ci4_project\system\Model.php(268): CodeIgniter\Database\BaseBuilder->get()
#4 C:\xampp\htdocs\ci4_project\system\BaseModel.php(656): CodeIgniter\Model->doFirst()
#5 C:\xampp\htdocs\ci4_project\app\Controllers\LoginController.php(24): CodeIgniter\BaseModel->first()
#6 C:\xampp\htdocs\ci4_project\system\CodeIgniter.php(934): App\Controllers\LoginController->login()
#7 C:\xampp\htdocs\ci4_project\system\CodeIgniter.php(499): CodeIgniter\CodeIgniter->runController(Object(App\Controllers\LoginController))
#8 C:\xampp\htdocs\ci4_project\system\CodeIgniter.php(368): CodeIgniter\CodeIgniter->handleRequest(NULL, Object(Config\Cache), false)
#9 C:\xampp\htdocs\ci4_project\public\index.php(67): CodeIgniter\CodeIgniter->run()
#10 {main}
CRITICAL - 2023-03-30 07:28:00 --> Unable to connect to the database.
Main connection [MySQLi]: Unknown database 'easpyark_users'
in SYSTEMPATH\Database\BaseConnection.php on line 427.
 1 SYSTEMPATH\Database\BaseConnection.php(573): CodeIgniter\Database\BaseConnection->initialize()
 2 SYSTEMPATH\Database\BaseBuilder.php(1616): CodeIgniter\Database\BaseConnection->query('SELECT *
FROM `users`
WHERE `email` = :email:
 LIMIT 1', [...], false)
 3 SYSTEMPATH\Model.php(268): CodeIgniter\Database\BaseBuilder->get()
 4 SYSTEMPATH\BaseModel.php(656): CodeIgniter\Model->doFirst()
 5 APPPATH\Controllers\LoginController.php(24): CodeIgniter\BaseModel->first()
 6 SYSTEMPATH\CodeIgniter.php(934): App\Controllers\LoginController->login()
 7 SYSTEMPATH\CodeIgniter.php(499): CodeIgniter\CodeIgniter->runController(Object(App\Controllers\LoginController))
 8 SYSTEMPATH\CodeIgniter.php(368): CodeIgniter\CodeIgniter->handleRequest(null, Object(Config\Cache), false)
 9 FCPATH\index.php(67): CodeIgniter\CodeIgniter->run()
INFO - 2023-03-30 07:28:41 --> Session: Class initialized using 'CodeIgniter\Session\Handlers\FileHandler' driver.
INFO - 2023-03-30 07:28:46 --> Session: Class initialized using 'CodeIgniter\Session\Handlers\FileHandler' driver.
INFO - 2023-03-30 07:28:59 --> Session: Class initialized using 'CodeIgniter\Session\Handlers\FileHandler' driver.
INFO - 2023-03-30 07:29:25 --> Session: Class initialized using 'CodeIgniter\Session\Handlers\FileHandler' driver.
INFO - 2023-03-30 07:30:18 --> Session: Class initialized using 'CodeIgniter\Session\Handlers\FileHandler' driver.
ERROR - 2023-03-30 07:40:25 --> mysqli_sql_exception: Table 'easypark_users.transactions' doesn't exist in C:\xampp\htdocs\ci4_project\system\Database\MySQLi\Connection.php:295
Stack trace:
#0 C:\xampp\htdocs\ci4_project\system\Database\MySQLi\Connection.php(295): mysqli->query('SELECT *\nFROM `...', 0)
#1 C:\xampp\htdocs\ci4_project\system\Database\BaseConnection.php(691): CodeIgniter\Database\MySQLi\Connection->execute('SELECT *\nFROM `...')
#2 C:\xampp\htdocs\ci4_project\system\Database\BaseConnection.php(605): CodeIgniter\Database\BaseConnection->simpleQuery('SELECT *\nFROM `...')
#3 C:\xampp\htdocs\ci4_project\system\Database\BaseBuilder.php(1616): CodeIgniter\Database\BaseConnection->query('SELECT *\nFROM `...', Array, false)
#4 C:\xampp\htdocs\ci4_project\system\Model.php(241): CodeIgniter\Database\BaseBuilder->get()
#5 C:\xampp\htdocs\ci4_project\system\BaseModel.php(618): CodeIgniter\Model->doFindAll(0, 0)
#6 C:\xampp\htdocs\ci4_project\app\Controllers\Transaction.php(15): CodeIgniter\BaseModel->findAll()
#7 C:\xampp\htdocs\ci4_project\system\CodeIgniter.php(934): App\Controllers\Transaction->index()
#8 C:\xampp\htdocs\ci4_project\system\CodeIgniter.php(499): CodeIgniter\CodeIgniter->runController(Object(App\Controllers\Transaction))
#9 C:\xampp\htdocs\ci4_project\system\CodeIgniter.php(368): CodeIgniter\CodeIgniter->handleRequest(NULL, Object(Config\Cache), false)
#10 C:\xampp\htdocs\ci4_project\public\index.php(67): CodeIgniter\CodeIgniter->run()
#11 {main}
CRITICAL - 2023-03-30 07:40:25 --> Table 'easypark_users.transactions' doesn't exist
in SYSTEMPATH\Database\BaseConnection.php on line 645.
 1 SYSTEMPATH\Database\BaseBuilder.php(1616): CodeIgniter\Database\BaseConnection->query('SELECT *
FROM `transactions`', [], false)
 2 SYSTEMPATH\Model.php(241): CodeIgniter\Database\BaseBuilder->get()
 3 SYSTEMPATH\BaseModel.php(618): CodeIgniter\Model->doFindAll(0, 0)
 4 APPPATH\Controllers\Transaction.php(15): CodeIgniter\BaseModel->findAll()
 5 SYSTEMPATH\CodeIgniter.php(934): App\Controllers\Transaction->index()
 6 SYSTEMPATH\CodeIgniter.php(499): CodeIgniter\CodeIgniter->runController(Object(App\Controllers\Transaction))
 7 SYSTEMPATH\CodeIgniter.php(368): CodeIgniter\CodeIgniter->handleRequest(null, Object(Config\Cache), false)
 8 FCPATH\index.php(67): CodeIgniter\CodeIgniter->run()
CRITICAL - 2023-03-30 07:49:22 --> Undefined array key "rfid_no"
in APPPATH\Controllers\Transaction.php on line 19.
 1 APPPATH\Controllers\Transaction.php(19): CodeIgniter\Debug\Exceptions->errorHandler(2, 'Undefined array key "rfid_no"', 'APPPATH\\Controllers\\Transaction.php', 19)
 2 SYSTEMPATH\CodeIgniter.php(934): App\Controllers\Transaction->index()
 3 SYSTEMPATH\CodeIgniter.php(499): CodeIgniter\CodeIgniter->runController(Object(App\Controllers\Transaction))
 4 SYSTEMPATH\CodeIgniter.php(368): CodeIgniter\CodeIgniter->handleRequest(null, Object(Config\Cache), false)
 5 FCPATH\index.php(67): CodeIgniter\CodeIgniter->run()
CRITICAL - 2023-03-30 08:01:59 --> Undefined array key "rfid_no"
in APPPATH\Controllers\Transaction.php on line 19.
 1 APPPATH\Controllers\Transaction.php(19): CodeIgniter\Debug\Exceptions->errorHandler(2, 'Undefined array key "rfid_no"', 'APPPATH\\Controllers\\Transaction.php', 19)
 2 SYSTEMPATH\CodeIgniter.php(934): App\Controllers\Transaction->index()
 3 SYSTEMPATH\CodeIgniter.php(499): CodeIgniter\CodeIgniter->runController(Object(App\Controllers\Transaction))
 4 SYSTEMPATH\CodeIgniter.php(368): CodeIgniter\CodeIgniter->handleRequest(null, Object(Config\Cache), false)
 5 FCPATH\index.php(67): CodeIgniter\CodeIgniter->run()
CRITICAL - 2023-03-30 08:02:00 --> Undefined array key "rfid_no"
in APPPATH\Controllers\Transaction.php on line 19.
 1 APPPATH\Controllers\Transaction.php(19): CodeIgniter\Debug\Exceptions->errorHandler(2, 'Undefined array key "rfid_no"', 'APPPATH\\Controllers\\Transaction.php', 19)
 2 SYSTEMPATH\CodeIgniter.php(934): App\Controllers\Transaction->index()
 3 SYSTEMPATH\CodeIgniter.php(499): CodeIgniter\CodeIgniter->runController(Object(App\Controllers\Transaction))
 4 SYSTEMPATH\CodeIgniter.php(368): CodeIgniter\CodeIgniter->handleRequest(null, Object(Config\Cache), false)
 5 FCPATH\index.php(67): CodeIgniter\CodeIgniter->run()
CRITICAL - 2023-03-30 08:02:14 --> Undefined array key "rfid_no"
in APPPATH\Controllers\Transaction.php on line 19.
 1 APPPATH\Controllers\Transaction.php(19): CodeIgniter\Debug\Exceptions->errorHandler(2, 'Undefined array key "rfid_no"', 'APPPATH\\Controllers\\Transaction.php', 19)
 2 SYSTEMPATH\CodeIgniter.php(934): App\Controllers\Transaction->index()
 3 SYSTEMPATH\CodeIgniter.php(499): CodeIgniter\CodeIgniter->runController(Object(App\Controllers\Transaction))
 4 SYSTEMPATH\CodeIgniter.php(368): CodeIgniter\CodeIgniter->handleRequest(null, Object(Config\Cache), false)
 5 FCPATH\index.php(67): CodeIgniter\CodeIgniter->run()
CRITICAL - 2023-03-30 08:02:25 --> Undefined array key "rfid_num"
in APPPATH\Controllers\Transaction.php on line 19.
 1 APPPATH\Controllers\Transaction.php(19): CodeIgniter\Debug\Exceptions->errorHandler(2, 'Undefined array key "rfid_num"', 'APPPATH\\Controllers\\Transaction.php', 19)
 2 SYSTEMPATH\CodeIgniter.php(934): App\Controllers\Transaction->index()
 3 SYSTEMPATH\CodeIgniter.php(499): CodeIgniter\CodeIgniter->runController(Object(App\Controllers\Transaction))
 4 SYSTEMPATH\CodeIgniter.php(368): CodeIgniter\CodeIgniter->handleRequest(null, Object(Config\Cache), false)
 5 FCPATH\index.php(67): CodeIgniter\CodeIgniter->run()
CRITICAL - 2023-03-30 08:02:26 --> Undefined array key "rfid_num"
in APPPATH\Controllers\Transaction.php on line 19.
 1 APPPATH\Controllers\Transaction.php(19): CodeIgniter\Debug\Exceptions->errorHandler(2, 'Undefined array key "rfid_num"', 'APPPATH\\Controllers\\Transaction.php', 19)
 2 SYSTEMPATH\CodeIgniter.php(934): App\Controllers\Transaction->index()
 3 SYSTEMPATH\CodeIgniter.php(499): CodeIgniter\CodeIgniter->runController(Object(App\Controllers\Transaction))
 4 SYSTEMPATH\CodeIgniter.php(368): CodeIgniter\CodeIgniter->handleRequest(null, Object(Config\Cache), false)
 5 FCPATH\index.php(67): CodeIgniter\CodeIgniter->run()
CRITICAL - 2023-03-30 08:02:26 --> Undefined array key "rfid_num"
in APPPATH\Controllers\Transaction.php on line 19.
 1 APPPATH\Controllers\Transaction.php(19): CodeIgniter\Debug\Exceptions->errorHandler(2, 'Undefined array key "rfid_num"', 'APPPATH\\Controllers\\Transaction.php', 19)
 2 SYSTEMPATH\CodeIgniter.php(934): App\Controllers\Transaction->index()
 3 SYSTEMPATH\CodeIgniter.php(499): CodeIgniter\CodeIgniter->runController(Object(App\Controllers\Transaction))
 4 SYSTEMPATH\CodeIgniter.php(368): CodeIgniter\CodeIgniter->handleRequest(null, Object(Config\Cache), false)
 5 FCPATH\index.php(67): CodeIgniter\CodeIgniter->run()
CRITICAL - 2023-03-30 08:02:46 --> Trying to access array offset on value of type null
in APPPATH\Controllers\Transaction.php on line 21.
 1 APPPATH\Controllers\Transaction.php(21): CodeIgniter\Debug\Exceptions->errorHandler(2, 'Trying to access array offset on value of type null', 'APPPATH\\Controllers\\Transaction.php', 21)
 2 SYSTEMPATH\CodeIgniter.php(934): App\Controllers\Transaction->index()
 3 SYSTEMPATH\CodeIgniter.php(499): CodeIgniter\CodeIgniter->runController(Object(App\Controllers\Transaction))
 4 SYSTEMPATH\CodeIgniter.php(368): CodeIgniter\CodeIgniter->handleRequest(null, Object(Config\Cache), false)
 5 FCPATH\index.php(67): CodeIgniter\CodeIgniter->run()
CRITICAL - 2023-03-30 08:03:12 --> Trying to access array offset on value of type null
in APPPATH\Controllers\Transaction.php on line 21.
 1 APPPATH\Controllers\Transaction.php(21): CodeIgniter\Debug\Exceptions->errorHandler(2, 'Trying to access array offset on value of type null', 'APPPATH\\Controllers\\Transaction.php', 21)
 2 SYSTEMPATH\CodeIgniter.php(934): App\Controllers\Transaction->index()
 3 SYSTEMPATH\CodeIgniter.php(499): CodeIgniter\CodeIgniter->runController(Object(App\Controllers\Transaction))
 4 SYSTEMPATH\CodeIgniter.php(368): CodeIgniter\CodeIgniter->handleRequest(null, Object(Config\Cache), false)
 5 FCPATH\index.php(67): CodeIgniter\CodeIgniter->run()
CRITICAL - 2023-03-30 08:03:13 --> Trying to access array offset on value of type null
in APPPATH\Controllers\Transaction.php on line 21.
 1 APPPATH\Controllers\Transaction.php(21): CodeIgniter\Debug\Exceptions->errorHandler(2, 'Trying to access array offset on value of type null', 'APPPATH\\Controllers\\Transaction.php', 21)
 2 SYSTEMPATH\CodeIgniter.php(934): App\Controllers\Transaction->index()
 3 SYSTEMPATH\CodeIgniter.php(499): CodeIgniter\CodeIgniter->runController(Object(App\Controllers\Transaction))
 4 SYSTEMPATH\CodeIgniter.php(368): CodeIgniter\CodeIgniter->handleRequest(null, Object(Config\Cache), false)
 5 FCPATH\index.php(67): CodeIgniter\CodeIgniter->run()
CRITICAL - 2023-03-30 08:03:19 --> Trying to access array offset on value of type null
in APPPATH\Controllers\Transaction.php on line 21.
 1 APPPATH\Controllers\Transaction.php(21): CodeIgniter\Debug\Exceptions->errorHandler(2, 'Trying to access array offset on value of type null', 'APPPATH\\Controllers\\Transaction.php', 21)
 2 SYSTEMPATH\CodeIgniter.php(934): App\Controllers\Transaction->index()
 3 SYSTEMPATH\CodeIgniter.php(499): CodeIgniter\CodeIgniter->runController(Object(App\Controllers\Transaction))
 4 SYSTEMPATH\CodeIgniter.php(368): CodeIgniter\CodeIgniter->handleRequest(null, Object(Config\Cache), false)
 5 FCPATH\index.php(67): CodeIgniter\CodeIgniter->run()
CRITICAL - 2023-03-30 08:03:24 --> Trying to access array offset on value of type null
in APPPATH\Controllers\Transaction.php on line 21.
 1 APPPATH\Controllers\Transaction.php(21): CodeIgniter\Debug\Exceptions->errorHandler(2, 'Trying to access array offset on value of type null', 'APPPATH\\Controllers\\Transaction.php', 21)
 2 SYSTEMPATH\CodeIgniter.php(934): App\Controllers\Transaction->index()
 3 SYSTEMPATH\CodeIgniter.php(499): CodeIgniter\CodeIgniter->runController(Object(App\Controllers\Transaction))
 4 SYSTEMPATH\CodeIgniter.php(368): CodeIgniter\CodeIgniter->handleRequest(null, Object(Config\Cache), false)
 5 FCPATH\index.php(67): CodeIgniter\CodeIgniter->run()
CRITICAL - 2023-03-30 08:03:26 --> Trying to access array offset on value of type null
in APPPATH\Controllers\Transaction.php on line 21.
 1 APPPATH\Controllers\Transaction.php(21): CodeIgniter\Debug\Exceptions->errorHandler(2, 'Trying to access array offset on value of type null', 'APPPATH\\Controllers\\Transaction.php', 21)
 2 SYSTEMPATH\CodeIgniter.php(934): App\Controllers\Transaction->index()
 3 SYSTEMPATH\CodeIgniter.php(499): CodeIgniter\CodeIgniter->runController(Object(App\Controllers\Transaction))
 4 SYSTEMPATH\CodeIgniter.php(368): CodeIgniter\CodeIgniter->handleRequest(null, Object(Config\Cache), false)
 5 FCPATH\index.php(67): CodeIgniter\CodeIgniter->run()
CRITICAL - 2023-03-30 08:03:26 --> Trying to access array offset on value of type null
in APPPATH\Controllers\Transaction.php on line 21.
 1 APPPATH\Controllers\Transaction.php(21): CodeIgniter\Debug\Exceptions->errorHandler(2, 'Trying to access array offset on value of type null', 'APPPATH\\Controllers\\Transaction.php', 21)
 2 SYSTEMPATH\CodeIgniter.php(934): App\Controllers\Transaction->index()
 3 SYSTEMPATH\CodeIgniter.php(499): CodeIgniter\CodeIgniter->runController(Object(App\Controllers\Transaction))
 4 SYSTEMPATH\CodeIgniter.php(368): CodeIgniter\CodeIgniter->handleRequest(null, Object(Config\Cache), false)
 5 FCPATH\index.php(67): CodeIgniter\CodeIgniter->run()
CRITICAL - 2023-03-30 08:03:26 --> Trying to access array offset on value of type null
in APPPATH\Controllers\Transaction.php on line 21.
 1 APPPATH\Controllers\Transaction.php(21): CodeIgniter\Debug\Exceptions->errorHandler(2, 'Trying to access array offset on value of type null', 'APPPATH\\Controllers\\Transaction.php', 21)
 2 SYSTEMPATH\CodeIgniter.php(934): App\Controllers\Transaction->index()
 3 SYSTEMPATH\CodeIgniter.php(499): CodeIgniter\CodeIgniter->runController(Object(App\Controllers\Transaction))
 4 SYSTEMPATH\CodeIgniter.php(368): CodeIgniter\CodeIgniter->handleRequest(null, Object(Config\Cache), false)
 5 FCPATH\index.php(67): CodeIgniter\CodeIgniter->run()
CRITICAL - 2023-03-30 08:03:27 --> Trying to access array offset on value of type null
in APPPATH\Controllers\Transaction.php on line 21.
 1 APPPATH\Controllers\Transaction.php(21): CodeIgniter\Debug\Exceptions->errorHandler(2, 'Trying to access array offset on value of type null', 'APPPATH\\Controllers\\Transaction.php', 21)
 2 SYSTEMPATH\CodeIgniter.php(934): App\Controllers\Transaction->index()
 3 SYSTEMPATH\CodeIgniter.php(499): CodeIgniter\CodeIgniter->runController(Object(App\Controllers\Transaction))
 4 SYSTEMPATH\CodeIgniter.php(368): CodeIgniter\CodeIgniter->handleRequest(null, Object(Config\Cache), false)
 5 FCPATH\index.php(67): CodeIgniter\CodeIgniter->run()
CRITICAL - 2023-03-30 08:05:40 --> Trying to access array offset on value of type null
in APPPATH\Controllers\Transaction.php on line 21.
 1 APPPATH\Controllers\Transaction.php(21): CodeIgniter\Debug\Exceptions->errorHandler(2, 'Trying to access array offset on value of type null', 'APPPATH\\Controllers\\Transaction.php', 21)
 2 SYSTEMPATH\CodeIgniter.php(934): App\Controllers\Transaction->index()
 3 SYSTEMPATH\CodeIgniter.php(499): CodeIgniter\CodeIgniter->runController(Object(App\Controllers\Transaction))
 4 SYSTEMPATH\CodeIgniter.php(368): CodeIgniter\CodeIgniter->handleRequest(null, Object(Config\Cache), false)
 5 FCPATH\index.php(67): CodeIgniter\CodeIgniter->run()
CRITICAL - 2023-03-30 08:05:41 --> Trying to access array offset on value of type null
in APPPATH\Controllers\Transaction.php on line 21.
 1 APPPATH\Controllers\Transaction.php(21): CodeIgniter\Debug\Exceptions->errorHandler(2, 'Trying to access array offset on value of type null', 'APPPATH\\Controllers\\Transaction.php', 21)
 2 SYSTEMPATH\CodeIgniter.php(934): App\Controllers\Transaction->index()
 3 SYSTEMPATH\CodeIgniter.php(499): CodeIgniter\CodeIgniter->runController(Object(App\Controllers\Transaction))
 4 SYSTEMPATH\CodeIgniter.php(368): CodeIgniter\CodeIgniter->handleRequest(null, Object(Config\Cache), false)
 5 FCPATH\index.php(67): CodeIgniter\CodeIgniter->run()
INFO - 2023-03-30 08:07:06 --> Session: Class initialized using 'CodeIgniter\Session\Handlers\FileHandler' driver.
INFO - 2023-03-30 08:07:36 --> Session: Class initialized using 'CodeIgniter\Session\Handlers\FileHandler' driver.
INFO - 2023-03-30 13:07:01 --> Session: Class initialized using 'CodeIgniter\Session\Handlers\FileHandler' driver.
INFO - 2023-03-30 13:07:01 --> Session: Class initialized using 'CodeIgniter\Session\Handlers\FileHandler' driver.
CRITICAL - 2023-03-30 14:54:16 --> Undefined array key "slot_number"
in APPPATH\Views\parking_view.php on line 58.
 1 APPPATH\Views\parking_view.php(58): CodeIgniter\Debug\Exceptions->errorHandler(2, 'Undefined array key "slot_number"', 'APPPATH\\Views\\parking_view.php', 58)
 2 SYSTEMPATH\View\View.php(213): include('APPPATH\\Views\\parking_view.php')
 3 SYSTEMPATH\View\View.php(216): CodeIgniter\View\View->CodeIgniter\View\{closure}()
 4 SYSTEMPATH\Common.php(1184): CodeIgniter\View\View->render('parking_view', [], true)
 5 APPPATH\Controllers\Parking.php(20): view('parking_view', [...])
 6 SYSTEMPATH\CodeIgniter.php(934): App\Controllers\Parking->index()
 7 SYSTEMPATH\CodeIgniter.php(499): CodeIgniter\CodeIgniter->runController(Object(App\Controllers\Parking))
 8 SYSTEMPATH\CodeIgniter.php(368): CodeIgniter\CodeIgniter->handleRequest(null, Object(Config\Cache), false)
 9 FCPATH\index.php(67): CodeIgniter\CodeIgniter->run()
