CRITICAL - 2023-04-18 12:54:15 --> Unclosed '{' on line 10
in APPPATH/Controllers/EntryController.php on line 117.
 1 SYSTEMPATH/Autoloader/Autoloader.php(289): CodeIgniter\Autoloader\Autoloader->includeFile()
 2 SYSTEMPATH/Autoloader/Autoloader.php(267): CodeIgniter\Autoloader\Autoloader->loadInNamespace()
 3 [internal function]: CodeIgniter\Autoloader\Autoloader->loadClass()
 4 SYSTEMPATH/CodeIgniter.php(892): class_exists()
 5 SYSTEMPATH/CodeIgniter.php(486): CodeIgniter\CodeIgniter->startController()
 6 SYSTEMPATH/CodeIgniter.php(368): CodeIgniter\CodeIgniter->handleRequest()
 7 FCPATH/index.php(67): CodeIgniter\CodeIgniter->run()
CRITICAL - 2023-04-18 12:54:24 --> Unclosed '{' on line 10
in APPPATH/Controllers/EntryController.php on line 117.
 1 SYSTEMPATH/Autoloader/Autoloader.php(289): CodeIgniter\Autoloader\Autoloader->includeFile()
 2 SYSTEMPATH/Autoloader/Autoloader.php(267): CodeIgniter\Autoloader\Autoloader->loadInNamespace()
 3 [internal function]: CodeIgniter\Autoloader\Autoloader->loadClass()
 4 SYSTEMPATH/CodeIgniter.php(892): class_exists()
 5 SYSTEMPATH/CodeIgniter.php(486): CodeIgniter\CodeIgniter->startController()
 6 SYSTEMPATH/CodeIgniter.php(368): CodeIgniter\CodeIgniter->handleRequest()
 7 FCPATH/index.php(67): CodeIgniter\CodeIgniter->run()
CRITICAL - 2023-04-18 14:09:40 --> Undefined variable $userID
in APPPATH/Controllers/ExitController.php on line 59.
 1 APPPATH/Controllers/ExitController.php(59): CodeIgniter\Debug\Exceptions->errorHandler()
 2 SYSTEMPATH/CodeIgniter.php(934): App\Controllers\ExitController->index()
 3 SYSTEMPATH/CodeIgniter.php(499): CodeIgniter\CodeIgniter->runController()
 4 SYSTEMPATH/CodeIgniter.php(368): CodeIgniter\CodeIgniter->handleRequest()
 5 FCPATH/index.php(67): CodeIgniter\CodeIgniter->run()
CRITICAL - 2023-04-18 14:09:49 --> syntax error, unexpected variable "$parkingModel", expecting "," or ";"
in APPPATH/Controllers/ExitController.php on line 61.
 1 SYSTEMPATH/Autoloader/Autoloader.php(289): CodeIgniter\Autoloader\Autoloader->includeFile()
 2 SYSTEMPATH/Autoloader/Autoloader.php(267): CodeIgniter\Autoloader\Autoloader->loadInNamespace()
 3 [internal function]: CodeIgniter\Autoloader\Autoloader->loadClass()
 4 SYSTEMPATH/CodeIgniter.php(892): class_exists()
 5 SYSTEMPATH/CodeIgniter.php(486): CodeIgniter\CodeIgniter->startController()
 6 SYSTEMPATH/CodeIgniter.php(368): CodeIgniter\CodeIgniter->handleRequest()
 7 FCPATH/index.php(67): CodeIgniter\CodeIgniter->run()
CRITICAL - 2023-04-18 14:17:39 --> Array to string conversion
in APPPATH/Controllers/ExitController.php on line 67.
 1 APPPATH/Controllers/ExitController.php(67): CodeIgniter\Debug\Exceptions->errorHandler()
 2 SYSTEMPATH/CodeIgniter.php(934): App\Controllers\ExitController->index()
 3 SYSTEMPATH/CodeIgniter.php(499): CodeIgniter\CodeIgniter->runController()
 4 SYSTEMPATH/CodeIgniter.php(368): CodeIgniter\CodeIgniter->handleRequest()
 5 FCPATH/index.php(67): CodeIgniter\CodeIgniter->run()
CRITICAL - 2023-04-18 14:17:49 --> Undefined array key "created_at"
in APPPATH/Controllers/ExitController.php on line 70.
 1 APPPATH/Controllers/ExitController.php(70): CodeIgniter\Debug\Exceptions->errorHandler()
 2 SYSTEMPATH/CodeIgniter.php(934): App\Controllers\ExitController->index()
 3 SYSTEMPATH/CodeIgniter.php(499): CodeIgniter\CodeIgniter->runController()
 4 SYSTEMPATH/CodeIgniter.php(368): CodeIgniter\CodeIgniter->handleRequest()
 5 FCPATH/index.php(67): CodeIgniter\CodeIgniter->run()
CRITICAL - 2023-04-18 14:20:12 --> Call to undefined method App\Models\ParkingMonitorModel::addTransaction
in SYSTEMPATH/Model.php on line 842.
 1 APPPATH/Controllers/ExitController.php(95): CodeIgniter\Model->__call()
 2 SYSTEMPATH/CodeIgniter.php(934): App\Controllers\ExitController->index()
 3 SYSTEMPATH/CodeIgniter.php(499): CodeIgniter\CodeIgniter->runController()
 4 SYSTEMPATH/CodeIgniter.php(368): CodeIgniter\CodeIgniter->handleRequest()
 5 FCPATH/index.php(67): CodeIgniter\CodeIgniter->run()
ERROR - 2023-04-18 14:23:57 --> mysqli_sql_exception: Cannot add or update a child row: a foreign key constraint fails (`u678076972_easy_park`.`transactions`, CONSTRAINT `Transaction` FOREIGN KEY (`session_id`) REFERENCES `parking_users` (`id`)) in /home/u678076972/domains/easypark.tech/public_html/system/Database/MySQLi/Connection.php:295
Stack trace:
#0 /home/u678076972/domains/easypark.tech/public_html/system/Database/MySQLi/Connection.php(295): mysqli->query()
#1 /home/u678076972/domains/easypark.tech/public_html/system/Database/BaseConnection.php(691): CodeIgniter\Database\MySQLi\Connection->execute()
#2 /home/u678076972/domains/easypark.tech/public_html/system/Database/BaseConnection.php(605): CodeIgniter\Database\BaseConnection->simpleQuery()
#3 /home/u678076972/domains/easypark.tech/public_html/system/Database/BaseBuilder.php(2309): CodeIgniter\Database\BaseConnection->query()
#4 /home/u678076972/domains/easypark.tech/public_html/system/Model.php(330): CodeIgniter\Database\BaseBuilder->insert()
#5 /home/u678076972/domains/easypark.tech/public_html/system/BaseModel.php(782): CodeIgniter\Model->doInsert()
#6 /home/u678076972/domains/easypark.tech/public_html/system/Model.php(730): CodeIgniter\BaseModel->insert()
#7 /home/u678076972/domains/easypark.tech/public_html/app/Models/TransactionModel.php(13): CodeIgniter\Model->insert()
#8 /home/u678076972/domains/easypark.tech/public_html/app/Controllers/ExitController.php(97): App\Models\TransactionModel->addTransaction()
#9 /home/u678076972/domains/easypark.tech/public_html/system/CodeIgniter.php(934): App\Controllers\ExitController->index()
#10 /home/u678076972/domains/easypark.tech/public_html/system/CodeIgniter.php(499): CodeIgniter\CodeIgniter->runController()
#11 /home/u678076972/domains/easypark.tech/public_html/system/CodeIgniter.php(368): CodeIgniter\CodeIgniter->handleRequest()
#12 /home/u678076972/domains/easypark.tech/public_html/public/index.php(67): CodeIgniter\CodeIgniter->run()
#13 {main}
CRITICAL - 2023-04-18 14:23:57 --> Cannot add or update a child row: a foreign key constraint fails (`u678076972_easy_park`.`transactions`, CONSTRAINT `Transaction` FOREIGN KEY (`session_id`) REFERENCES `parking_users` (`id`))
in SYSTEMPATH/Database/BaseConnection.php on line 645.
 1 SYSTEMPATH/Database/BaseBuilder.php(2309): CodeIgniter\Database\BaseConnection->query()
 2 SYSTEMPATH/Model.php(330): CodeIgniter\Database\BaseBuilder->insert()
 3 SYSTEMPATH/BaseModel.php(782): CodeIgniter\Model->doInsert()
 4 SYSTEMPATH/Model.php(730): CodeIgniter\BaseModel->insert()
 5 APPPATH/Models/TransactionModel.php(13): CodeIgniter\Model->insert()
 6 APPPATH/Controllers/ExitController.php(97): App\Models\TransactionModel->addTransaction()
 7 SYSTEMPATH/CodeIgniter.php(934): App\Controllers\ExitController->index()
 8 SYSTEMPATH/CodeIgniter.php(499): CodeIgniter\CodeIgniter->runController()
 9 SYSTEMPATH/CodeIgniter.php(368): CodeIgniter\CodeIgniter->handleRequest()
10 FCPATH/index.php(67): CodeIgniter\CodeIgniter->run()
ERROR - 2023-04-18 14:24:47 --> mysqli_sql_exception: Cannot add or update a child row: a foreign key constraint fails (`u678076972_easy_park`.`transactions`, CONSTRAINT `Transaction` FOREIGN KEY (`session_id`) REFERENCES `parking_users` (`id`) ON UPDATE CASCADE) in /home/u678076972/domains/easypark.tech/public_html/system/Database/MySQLi/Connection.php:295
Stack trace:
#0 /home/u678076972/domains/easypark.tech/public_html/system/Database/MySQLi/Connection.php(295): mysqli->query()
#1 /home/u678076972/domains/easypark.tech/public_html/system/Database/BaseConnection.php(691): CodeIgniter\Database\MySQLi\Connection->execute()
#2 /home/u678076972/domains/easypark.tech/public_html/system/Database/BaseConnection.php(605): CodeIgniter\Database\BaseConnection->simpleQuery()
#3 /home/u678076972/domains/easypark.tech/public_html/system/Database/BaseBuilder.php(2309): CodeIgniter\Database\BaseConnection->query()
#4 /home/u678076972/domains/easypark.tech/public_html/system/Model.php(330): CodeIgniter\Database\BaseBuilder->insert()
#5 /home/u678076972/domains/easypark.tech/public_html/system/BaseModel.php(782): CodeIgniter\Model->doInsert()
#6 /home/u678076972/domains/easypark.tech/public_html/system/Model.php(730): CodeIgniter\BaseModel->insert()
#7 /home/u678076972/domains/easypark.tech/public_html/app/Models/TransactionModel.php(13): CodeIgniter\Model->insert()
#8 /home/u678076972/domains/easypark.tech/public_html/app/Controllers/ExitController.php(97): App\Models\TransactionModel->addTransaction()
#9 /home/u678076972/domains/easypark.tech/public_html/system/CodeIgniter.php(934): App\Controllers\ExitController->index()
#10 /home/u678076972/domains/easypark.tech/public_html/system/CodeIgniter.php(499): CodeIgniter\CodeIgniter->runController()
#11 /home/u678076972/domains/easypark.tech/public_html/system/CodeIgniter.php(368): CodeIgniter\CodeIgniter->handleRequest()
#12 /home/u678076972/domains/easypark.tech/public_html/public/index.php(67): CodeIgniter\CodeIgniter->run()
#13 {main}
CRITICAL - 2023-04-18 14:24:47 --> Cannot add or update a child row: a foreign key constraint fails (`u678076972_easy_park`.`transactions`, CONSTRAINT `Transaction` FOREIGN KEY (`session_id`) REFERENCES `parking_users` (`id`) ON UPDATE CASCADE)
in SYSTEMPATH/Database/BaseConnection.php on line 645.
 1 SYSTEMPATH/Database/BaseBuilder.php(2309): CodeIgniter\Database\BaseConnection->query()
 2 SYSTEMPATH/Model.php(330): CodeIgniter\Database\BaseBuilder->insert()
 3 SYSTEMPATH/BaseModel.php(782): CodeIgniter\Model->doInsert()
 4 SYSTEMPATH/Model.php(730): CodeIgniter\BaseModel->insert()
 5 APPPATH/Models/TransactionModel.php(13): CodeIgniter\Model->insert()
 6 APPPATH/Controllers/ExitController.php(97): App\Models\TransactionModel->addTransaction()
 7 SYSTEMPATH/CodeIgniter.php(934): App\Controllers\ExitController->index()
 8 SYSTEMPATH/CodeIgniter.php(499): CodeIgniter\CodeIgniter->runController()
 9 SYSTEMPATH/CodeIgniter.php(368): CodeIgniter\CodeIgniter->handleRequest()
10 FCPATH/index.php(67): CodeIgniter\CodeIgniter->run()
ERROR - 2023-04-18 14:25:59 --> mysqli_sql_exception: Cannot add or update a child row: a foreign key constraint fails (`u678076972_easy_park`.`transactions`, CONSTRAINT `Transaction` FOREIGN KEY (`session_id`) REFERENCES `parking_users` (`id`) ON UPDATE CASCADE) in /home/u678076972/domains/easypark.tech/public_html/system/Database/MySQLi/Connection.php:295
Stack trace:
#0 /home/u678076972/domains/easypark.tech/public_html/system/Database/MySQLi/Connection.php(295): mysqli->query()
#1 /home/u678076972/domains/easypark.tech/public_html/system/Database/BaseConnection.php(691): CodeIgniter\Database\MySQLi\Connection->execute()
#2 /home/u678076972/domains/easypark.tech/public_html/system/Database/BaseConnection.php(605): CodeIgniter\Database\BaseConnection->simpleQuery()
#3 /home/u678076972/domains/easypark.tech/public_html/system/Database/BaseBuilder.php(2309): CodeIgniter\Database\BaseConnection->query()
#4 /home/u678076972/domains/easypark.tech/public_html/system/Model.php(330): CodeIgniter\Database\BaseBuilder->insert()
#5 /home/u678076972/domains/easypark.tech/public_html/system/BaseModel.php(782): CodeIgniter\Model->doInsert()
#6 /home/u678076972/domains/easypark.tech/public_html/system/Model.php(730): CodeIgniter\BaseModel->insert()
#7 /home/u678076972/domains/easypark.tech/public_html/app/Models/TransactionModel.php(13): CodeIgniter\Model->insert()
#8 /home/u678076972/domains/easypark.tech/public_html/app/Controllers/ExitController.php(97): App\Models\TransactionModel->addTransaction()
#9 /home/u678076972/domains/easypark.tech/public_html/system/CodeIgniter.php(934): App\Controllers\ExitController->index()
#10 /home/u678076972/domains/easypark.tech/public_html/system/CodeIgniter.php(499): CodeIgniter\CodeIgniter->runController()
#11 /home/u678076972/domains/easypark.tech/public_html/system/CodeIgniter.php(368): CodeIgniter\CodeIgniter->handleRequest()
#12 /home/u678076972/domains/easypark.tech/public_html/public/index.php(67): CodeIgniter\CodeIgniter->run()
#13 {main}
CRITICAL - 2023-04-18 14:25:59 --> Cannot add or update a child row: a foreign key constraint fails (`u678076972_easy_park`.`transactions`, CONSTRAINT `Transaction` FOREIGN KEY (`session_id`) REFERENCES `parking_users` (`id`) ON UPDATE CASCADE)
in SYSTEMPATH/Database/BaseConnection.php on line 645.
 1 SYSTEMPATH/Database/BaseBuilder.php(2309): CodeIgniter\Database\BaseConnection->query()
 2 SYSTEMPATH/Model.php(330): CodeIgniter\Database\BaseBuilder->insert()
 3 SYSTEMPATH/BaseModel.php(782): CodeIgniter\Model->doInsert()
 4 SYSTEMPATH/Model.php(730): CodeIgniter\BaseModel->insert()
 5 APPPATH/Models/TransactionModel.php(13): CodeIgniter\Model->insert()
 6 APPPATH/Controllers/ExitController.php(97): App\Models\TransactionModel->addTransaction()
 7 SYSTEMPATH/CodeIgniter.php(934): App\Controllers\ExitController->index()
 8 SYSTEMPATH/CodeIgniter.php(499): CodeIgniter\CodeIgniter->runController()
 9 SYSTEMPATH/CodeIgniter.php(368): CodeIgniter\CodeIgniter->handleRequest()
10 FCPATH/index.php(67): CodeIgniter\CodeIgniter->run()
ERROR - 2023-04-18 14:26:16 --> mysqli_sql_exception: Cannot add or update a child row: a foreign key constraint fails (`u678076972_easy_park`.`transactions`, CONSTRAINT `Transaction` FOREIGN KEY (`session_id`) REFERENCES `parking_users` (`id`) ON UPDATE NO ACTION) in /home/u678076972/domains/easypark.tech/public_html/system/Database/MySQLi/Connection.php:295
Stack trace:
#0 /home/u678076972/domains/easypark.tech/public_html/system/Database/MySQLi/Connection.php(295): mysqli->query()
#1 /home/u678076972/domains/easypark.tech/public_html/system/Database/BaseConnection.php(691): CodeIgniter\Database\MySQLi\Connection->execute()
#2 /home/u678076972/domains/easypark.tech/public_html/system/Database/BaseConnection.php(605): CodeIgniter\Database\BaseConnection->simpleQuery()
#3 /home/u678076972/domains/easypark.tech/public_html/system/Database/BaseBuilder.php(2309): CodeIgniter\Database\BaseConnection->query()
#4 /home/u678076972/domains/easypark.tech/public_html/system/Model.php(330): CodeIgniter\Database\BaseBuilder->insert()
#5 /home/u678076972/domains/easypark.tech/public_html/system/BaseModel.php(782): CodeIgniter\Model->doInsert()
#6 /home/u678076972/domains/easypark.tech/public_html/system/Model.php(730): CodeIgniter\BaseModel->insert()
#7 /home/u678076972/domains/easypark.tech/public_html/app/Models/TransactionModel.php(13): CodeIgniter\Model->insert()
#8 /home/u678076972/domains/easypark.tech/public_html/app/Controllers/ExitController.php(97): App\Models\TransactionModel->addTransaction()
#9 /home/u678076972/domains/easypark.tech/public_html/system/CodeIgniter.php(934): App\Controllers\ExitController->index()
#10 /home/u678076972/domains/easypark.tech/public_html/system/CodeIgniter.php(499): CodeIgniter\CodeIgniter->runController()
#11 /home/u678076972/domains/easypark.tech/public_html/system/CodeIgniter.php(368): CodeIgniter\CodeIgniter->handleRequest()
#12 /home/u678076972/domains/easypark.tech/public_html/public/index.php(67): CodeIgniter\CodeIgniter->run()
#13 {main}
CRITICAL - 2023-04-18 14:26:16 --> Cannot add or update a child row: a foreign key constraint fails (`u678076972_easy_park`.`transactions`, CONSTRAINT `Transaction` FOREIGN KEY (`session_id`) REFERENCES `parking_users` (`id`) ON UPDATE NO ACTION)
in SYSTEMPATH/Database/BaseConnection.php on line 645.
 1 SYSTEMPATH/Database/BaseBuilder.php(2309): CodeIgniter\Database\BaseConnection->query()
 2 SYSTEMPATH/Model.php(330): CodeIgniter\Database\BaseBuilder->insert()
 3 SYSTEMPATH/BaseModel.php(782): CodeIgniter\Model->doInsert()
 4 SYSTEMPATH/Model.php(730): CodeIgniter\BaseModel->insert()
 5 APPPATH/Models/TransactionModel.php(13): CodeIgniter\Model->insert()
 6 APPPATH/Controllers/ExitController.php(97): App\Models\TransactionModel->addTransaction()
 7 SYSTEMPATH/CodeIgniter.php(934): App\Controllers\ExitController->index()
 8 SYSTEMPATH/CodeIgniter.php(499): CodeIgniter\CodeIgniter->runController()
 9 SYSTEMPATH/CodeIgniter.php(368): CodeIgniter\CodeIgniter->handleRequest()
10 FCPATH/index.php(67): CodeIgniter\CodeIgniter->run()
ERROR - 2023-04-18 14:26:17 --> mysqli_sql_exception: Cannot add or update a child row: a foreign key constraint fails (`u678076972_easy_park`.`transactions`, CONSTRAINT `Transaction` FOREIGN KEY (`session_id`) REFERENCES `parking_users` (`id`) ON UPDATE NO ACTION) in /home/u678076972/domains/easypark.tech/public_html/system/Database/MySQLi/Connection.php:295
Stack trace:
#0 /home/u678076972/domains/easypark.tech/public_html/system/Database/MySQLi/Connection.php(295): mysqli->query()
#1 /home/u678076972/domains/easypark.tech/public_html/system/Database/BaseConnection.php(691): CodeIgniter\Database\MySQLi\Connection->execute()
#2 /home/u678076972/domains/easypark.tech/public_html/system/Database/BaseConnection.php(605): CodeIgniter\Database\BaseConnection->simpleQuery()
#3 /home/u678076972/domains/easypark.tech/public_html/system/Database/BaseBuilder.php(2309): CodeIgniter\Database\BaseConnection->query()
#4 /home/u678076972/domains/easypark.tech/public_html/system/Model.php(330): CodeIgniter\Database\BaseBuilder->insert()
#5 /home/u678076972/domains/easypark.tech/public_html/system/BaseModel.php(782): CodeIgniter\Model->doInsert()
#6 /home/u678076972/domains/easypark.tech/public_html/system/Model.php(730): CodeIgniter\BaseModel->insert()
#7 /home/u678076972/domains/easypark.tech/public_html/app/Models/TransactionModel.php(13): CodeIgniter\Model->insert()
#8 /home/u678076972/domains/easypark.tech/public_html/app/Controllers/ExitController.php(97): App\Models\TransactionModel->addTransaction()
#9 /home/u678076972/domains/easypark.tech/public_html/system/CodeIgniter.php(934): App\Controllers\ExitController->index()
#10 /home/u678076972/domains/easypark.tech/public_html/system/CodeIgniter.php(499): CodeIgniter\CodeIgniter->runController()
#11 /home/u678076972/domains/easypark.tech/public_html/system/CodeIgniter.php(368): CodeIgniter\CodeIgniter->handleRequest()
#12 /home/u678076972/domains/easypark.tech/public_html/public/index.php(67): CodeIgniter\CodeIgniter->run()
#13 {main}
CRITICAL - 2023-04-18 14:26:17 --> Cannot add or update a child row: a foreign key constraint fails (`u678076972_easy_park`.`transactions`, CONSTRAINT `Transaction` FOREIGN KEY (`session_id`) REFERENCES `parking_users` (`id`) ON UPDATE NO ACTION)
in SYSTEMPATH/Database/BaseConnection.php on line 645.
 1 SYSTEMPATH/Database/BaseBuilder.php(2309): CodeIgniter\Database\BaseConnection->query()
 2 SYSTEMPATH/Model.php(330): CodeIgniter\Database\BaseBuilder->insert()
 3 SYSTEMPATH/BaseModel.php(782): CodeIgniter\Model->doInsert()
 4 SYSTEMPATH/Model.php(730): CodeIgniter\BaseModel->insert()
 5 APPPATH/Models/TransactionModel.php(13): CodeIgniter\Model->insert()
 6 APPPATH/Controllers/ExitController.php(97): App\Models\TransactionModel->addTransaction()
 7 SYSTEMPATH/CodeIgniter.php(934): App\Controllers\ExitController->index()
 8 SYSTEMPATH/CodeIgniter.php(499): CodeIgniter\CodeIgniter->runController()
 9 SYSTEMPATH/CodeIgniter.php(368): CodeIgniter\CodeIgniter->handleRequest()
10 FCPATH/index.php(67): CodeIgniter\CodeIgniter->run()
CRITICAL - 2023-04-18 14:28:55 --> Undefined variable $exitTime
in APPPATH/Views/Exitview.php on line 10.
 1 APPPATH/Views/Exitview.php(10): CodeIgniter\Debug\Exceptions->errorHandler()
 2 SYSTEMPATH/View/View.php(213): include('APPPATH/Views/Exitview.php')
 3 SYSTEMPATH/View/View.php(216): CodeIgniter\View\View->CodeIgniter\View\{closure}()
 4 SYSTEMPATH/Common.php(1184): CodeIgniter\View\View->render()
 5 APPPATH/Controllers/ExitController.php(115): view()
 6 SYSTEMPATH/CodeIgniter.php(934): App\Controllers\ExitController->index()
 7 SYSTEMPATH/CodeIgniter.php(499): CodeIgniter\CodeIgniter->runController()
 8 SYSTEMPATH/CodeIgniter.php(368): CodeIgniter\CodeIgniter->handleRequest()
 9 FCPATH/index.php(67): CodeIgniter\CodeIgniter->run()
CRITICAL - 2023-04-18 14:31:07 --> Undefined variable $parking
in APPPATH/Views/Exitview.php on line 10.
 1 APPPATH/Views/Exitview.php(10): CodeIgniter\Debug\Exceptions->errorHandler()
 2 SYSTEMPATH/View/View.php(213): include('APPPATH/Views/Exitview.php')
 3 SYSTEMPATH/View/View.php(216): CodeIgniter\View\View->CodeIgniter\View\{closure}()
 4 SYSTEMPATH/Common.php(1184): CodeIgniter\View\View->render()
 5 APPPATH/Controllers/ExitController.php(114): view()
 6 SYSTEMPATH/CodeIgniter.php(934): App\Controllers\ExitController->index()
 7 SYSTEMPATH/CodeIgniter.php(499): CodeIgniter\CodeIgniter->runController()
 8 SYSTEMPATH/CodeIgniter.php(368): CodeIgniter\CodeIgniter->handleRequest()
 9 FCPATH/index.php(67): CodeIgniter\CodeIgniter->run()
CRITICAL - 2023-04-18 14:37:38 --> Undefined variable $datetime
in APPPATH/Views/Exitview.php on line 34.
 1 APPPATH/Views/Exitview.php(34): CodeIgniter\Debug\Exceptions->errorHandler()
 2 SYSTEMPATH/View/View.php(213): include('APPPATH/Views/Exitview.php')
 3 SYSTEMPATH/View/View.php(216): CodeIgniter\View\View->CodeIgniter\View\{closure}()
 4 SYSTEMPATH/Common.php(1184): CodeIgniter\View\View->render()
 5 APPPATH/Controllers/ExitController.php(113): view()
 6 SYSTEMPATH/CodeIgniter.php(934): App\Controllers\ExitController->index()
 7 SYSTEMPATH/CodeIgniter.php(499): CodeIgniter\CodeIgniter->runController()
 8 SYSTEMPATH/CodeIgniter.php(368): CodeIgniter\CodeIgniter->handleRequest()
 9 FCPATH/index.php(67): CodeIgniter\CodeIgniter->run()
CRITICAL - 2023-04-18 14:38:19 --> Undefined variable $datetime
in APPPATH/Views/Exitview.php on line 34.
 1 APPPATH/Views/Exitview.php(34): CodeIgniter\Debug\Exceptions->errorHandler()
 2 SYSTEMPATH/View/View.php(213): include('APPPATH/Views/Exitview.php')
 3 SYSTEMPATH/View/View.php(216): CodeIgniter\View\View->CodeIgniter\View\{closure}()
 4 SYSTEMPATH/Common.php(1184): CodeIgniter\View\View->render()
 5 APPPATH/Controllers/ExitController.php(113): view()
 6 SYSTEMPATH/CodeIgniter.php(934): App\Controllers\ExitController->index()
 7 SYSTEMPATH/CodeIgniter.php(499): CodeIgniter\CodeIgniter->runController()
 8 SYSTEMPATH/CodeIgniter.php(368): CodeIgniter\CodeIgniter->handleRequest()
 9 FCPATH/index.php(67): CodeIgniter\CodeIgniter->run()
CRITICAL - 2023-04-18 14:39:16 --> Undefined variable $datetime
in APPPATH/Views/Exitview.php on line 34.
 1 APPPATH/Views/Exitview.php(34): CodeIgniter\Debug\Exceptions->errorHandler()
 2 SYSTEMPATH/View/View.php(213): include('APPPATH/Views/Exitview.php')
 3 SYSTEMPATH/View/View.php(216): CodeIgniter\View\View->CodeIgniter\View\{closure}()
 4 SYSTEMPATH/Common.php(1184): CodeIgniter\View\View->render()
 5 APPPATH/Controllers/ExitController.php(113): view()
 6 SYSTEMPATH/CodeIgniter.php(934): App\Controllers\ExitController->index()
 7 SYSTEMPATH/CodeIgniter.php(499): CodeIgniter\CodeIgniter->runController()
 8 SYSTEMPATH/CodeIgniter.php(368): CodeIgniter\CodeIgniter->handleRequest()
 9 FCPATH/index.php(67): CodeIgniter\CodeIgniter->run()
CRITICAL - 2023-04-18 14:40:16 --> Undefined variable $datetime
in APPPATH/Views/Exitview.php on line 34.
 1 APPPATH/Views/Exitview.php(34): CodeIgniter\Debug\Exceptions->errorHandler()
 2 SYSTEMPATH/View/View.php(213): include('APPPATH/Views/Exitview.php')
 3 SYSTEMPATH/View/View.php(216): CodeIgniter\View\View->CodeIgniter\View\{closure}()
 4 SYSTEMPATH/Common.php(1184): CodeIgniter\View\View->render()
 5 APPPATH/Controllers/ExitController.php(113): view()
 6 SYSTEMPATH/CodeIgniter.php(934): App\Controllers\ExitController->index()
 7 SYSTEMPATH/CodeIgniter.php(499): CodeIgniter\CodeIgniter->runController()
 8 SYSTEMPATH/CodeIgniter.php(368): CodeIgniter\CodeIgniter->handleRequest()
 9 FCPATH/index.php(67): CodeIgniter\CodeIgniter->run()
CRITICAL - 2023-04-18 14:41:57 --> Undefined variable $datetime
in APPPATH/Views/Exitview.php on line 10.
 1 APPPATH/Views/Exitview.php(10): CodeIgniter\Debug\Exceptions->errorHandler()
 2 SYSTEMPATH/View/View.php(213): include('APPPATH/Views/Exitview.php')
 3 SYSTEMPATH/View/View.php(216): CodeIgniter\View\View->CodeIgniter\View\{closure}()
 4 SYSTEMPATH/Common.php(1184): CodeIgniter\View\View->render()
 5 APPPATH/Controllers/ExitController.php(113): view()
 6 SYSTEMPATH/CodeIgniter.php(934): App\Controllers\ExitController->index()
 7 SYSTEMPATH/CodeIgniter.php(499): CodeIgniter\CodeIgniter->runController()
 8 SYSTEMPATH/CodeIgniter.php(368): CodeIgniter\CodeIgniter->handleRequest()
 9 FCPATH/index.php(67): CodeIgniter\CodeIgniter->run()
CRITICAL - 2023-04-18 14:45:23 --> Undefined variable $datetime
in APPPATH/Views/Exitview.php on line 34.
 1 APPPATH/Views/Exitview.php(34): CodeIgniter\Debug\Exceptions->errorHandler()
 2 SYSTEMPATH/View/View.php(213): include('APPPATH/Views/Exitview.php')
 3 SYSTEMPATH/View/View.php(216): CodeIgniter\View\View->CodeIgniter\View\{closure}()
 4 SYSTEMPATH/Common.php(1184): CodeIgniter\View\View->render()
 5 APPPATH/Controllers/ExitController.php(114): view()
 6 SYSTEMPATH/CodeIgniter.php(934): App\Controllers\ExitController->index()
 7 SYSTEMPATH/CodeIgniter.php(499): CodeIgniter\CodeIgniter->runController()
 8 SYSTEMPATH/CodeIgniter.php(368): CodeIgniter\CodeIgniter->handleRequest()
 9 FCPATH/index.php(67): CodeIgniter\CodeIgniter->run()
CRITICAL - 2023-04-18 14:45:53 --> Undefined variable $datetime
in APPPATH/Views/Exitview.php on line 34.
 1 APPPATH/Views/Exitview.php(34): CodeIgniter\Debug\Exceptions->errorHandler()
 2 SYSTEMPATH/View/View.php(213): include('APPPATH/Views/Exitview.php')
 3 SYSTEMPATH/View/View.php(216): CodeIgniter\View\View->CodeIgniter\View\{closure}()
 4 SYSTEMPATH/Common.php(1184): CodeIgniter\View\View->render()
 5 APPPATH/Controllers/ExitController.php(114): view()
 6 SYSTEMPATH/CodeIgniter.php(934): App\Controllers\ExitController->index()
 7 SYSTEMPATH/CodeIgniter.php(499): CodeIgniter\CodeIgniter->runController()
 8 SYSTEMPATH/CodeIgniter.php(368): CodeIgniter\CodeIgniter->handleRequest()
 9 FCPATH/index.php(67): CodeIgniter\CodeIgniter->run()
