CRITICAL - 2023-04-23 09:51:53 --> Call to a member function links() on array
in APPPATH/Controllers/TransactionController.php on line 24.
 1 SYSTEMPATH/CodeIgniter.php(934): App\Controllers\TransactionController->index()
 2 SYSTEMPATH/CodeIgniter.php(499): CodeIgniter\CodeIgniter->runController()
 3 SYSTEMPATH/CodeIgniter.php(368): CodeIgniter\CodeIgniter->handleRequest()
 4 FCPATH/index.php(67): CodeIgniter\CodeIgniter->run()
CRITICAL - 2023-04-23 09:54:21 --> Call to a member function links() on array
in APPPATH/Controllers/TransactionController.php on line 24.
 1 SYSTEMPATH/CodeIgniter.php(934): App\Controllers\TransactionController->index()
 2 SYSTEMPATH/CodeIgniter.php(499): CodeIgniter\CodeIgniter->runController()
 3 SYSTEMPATH/CodeIgniter.php(368): CodeIgniter\CodeIgniter->handleRequest()
 4 FCPATH/index.php(67): CodeIgniter\CodeIgniter->run()
CRITICAL - 2023-04-23 09:55:53 --> Call to a member function paginate() on array
in APPPATH/Controllers/TransactionController.php on line 23.
 1 SYSTEMPATH/CodeIgniter.php(934): App\Controllers\TransactionController->index()
 2 SYSTEMPATH/CodeIgniter.php(499): CodeIgniter\CodeIgniter->runController()
 3 SYSTEMPATH/CodeIgniter.php(368): CodeIgniter\CodeIgniter->handleRequest()
 4 FCPATH/index.php(67): CodeIgniter\CodeIgniter->run()
CRITICAL - 2023-04-23 09:57:27 --> Call to a member function links() on array
in APPPATH/Controllers/TransactionController.php on line 24.
 1 SYSTEMPATH/CodeIgniter.php(934): App\Controllers\TransactionController->index()
 2 SYSTEMPATH/CodeIgniter.php(499): CodeIgniter\CodeIgniter->runController()
 3 SYSTEMPATH/CodeIgniter.php(368): CodeIgniter\CodeIgniter->handleRequest()
 4 FCPATH/index.php(67): CodeIgniter\CodeIgniter->run()
CRITICAL - 2023-04-23 10:34:47 --> Call to a member function links() on array
in APPPATH/Controllers/TransactionController.php on line 24.
 1 SYSTEMPATH/CodeIgniter.php(934): App\Controllers\TransactionController->index()
 2 SYSTEMPATH/CodeIgniter.php(499): CodeIgniter\CodeIgniter->runController()
 3 SYSTEMPATH/CodeIgniter.php(368): CodeIgniter\CodeIgniter->handleRequest()
 4 FCPATH/index.php(67): CodeIgniter\CodeIgniter->run()
