CRITICAL - 2023-05-14 05:29:57 --> Class "Kreait\Firebase\ServiceAccount" not found
in APPPATH/Controllers/ParkingSlotController.php on line 25.
 1 SYSTEMPATH/CodeIgniter.php(934): App\Controllers\ParkingSlotController->index()
 2 SYSTEMPATH/CodeIgniter.php(499): CodeIgniter\CodeIgniter->runController()
 3 SYSTEMPATH/CodeIgniter.php(368): CodeIgniter\CodeIgniter->handleRequest()
 4 FCPATH/index.php(67): CodeIgniter\CodeIgniter->run()
CRITICAL - 2023-05-14 05:33:07 --> Class "Kreait\Firebase\ServiceAccount" not found
in APPPATH/Controllers/ParkingSlotController.php on line 25.
 1 SYSTEMPATH/CodeIgniter.php(934): App\Controllers\ParkingSlotController->index()
 2 SYSTEMPATH/CodeIgniter.php(499): CodeIgniter\CodeIgniter->runController()
 3 SYSTEMPATH/CodeIgniter.php(368): CodeIgniter\CodeIgniter->handleRequest()
 4 FCPATH/index.php(67): CodeIgniter\CodeIgniter->run()
CRITICAL - 2023-05-14 05:44:58 --> require_once(/home/u678076972/domains/easypark.tech/public_html/app/Firebase/autoload.php): Failed to open stream: No such file or directory
in APPPATH/Controllers/FirebaseController.php on line 13.
 1 APPPATH/Controllers/FirebaseController.php(13): CodeIgniter\Debug\Exceptions->errorHandler()
 2 APPPATH/Controllers/FirebaseController.php(13): require_once()
 3 SYSTEMPATH/CodeIgniter.php(934): App\Controllers\FirebaseController->index()
 4 SYSTEMPATH/CodeIgniter.php(499): CodeIgniter\CodeIgniter->runController()
 5 SYSTEMPATH/CodeIgniter.php(368): CodeIgniter\CodeIgniter->handleRequest()
 6 FCPATH/index.php(67): CodeIgniter\CodeIgniter->run()
CRITICAL - 2023-05-14 05:45:14 --> require_once(/home/u678076972/domains/easypark.tech/public_html/app/Firebase/autoload.php): Failed to open stream: No such file or directory
in APPPATH/Controllers/FirebaseController.php on line 13.
 1 APPPATH/Controllers/FirebaseController.php(13): CodeIgniter\Debug\Exceptions->errorHandler()
 2 APPPATH/Controllers/FirebaseController.php(13): require_once()
 3 SYSTEMPATH/CodeIgniter.php(934): App\Controllers\FirebaseController->index()
 4 SYSTEMPATH/CodeIgniter.php(499): CodeIgniter\CodeIgniter->runController()
 5 SYSTEMPATH/CodeIgniter.php(368): CodeIgniter\CodeIgniter->handleRequest()
 6 FCPATH/index.php(67): CodeIgniter\CodeIgniter->run()
CRITICAL - 2023-05-14 05:47:41 --> Class "Kreait\Firebase\Factory" not found
in APPPATH/Controllers/FirebaseController.php on line 15.
 1 SYSTEMPATH/CodeIgniter.php(934): App\Controllers\FirebaseController->index()
 2 SYSTEMPATH/CodeIgniter.php(499): CodeIgniter\CodeIgniter->runController()
 3 SYSTEMPATH/CodeIgniter.php(368): CodeIgniter\CodeIgniter->handleRequest()
 4 FCPATH/index.php(67): CodeIgniter\CodeIgniter->run()
CRITICAL - 2023-05-14 06:36:19 --> Class "Kreait\Firebase\ServiceAccount" not found
in APPPATH/Controllers/ParkingSlotController.php on line 25.
 1 SYSTEMPATH/CodeIgniter.php(934): App\Controllers\ParkingSlotController->index()
 2 SYSTEMPATH/CodeIgniter.php(499): CodeIgniter\CodeIgniter->runController()
 3 SYSTEMPATH/CodeIgniter.php(368): CodeIgniter\CodeIgniter->handleRequest()
 4 FCPATH/index.php(67): CodeIgniter\CodeIgniter->run()
CRITICAL - 2023-05-14 07:05:04 --> Class "Kreait\Firebase\ServiceAccount" not found
in APPPATH/Controllers/ParkingSlotController.php on line 25.
 1 SYSTEMPATH/CodeIgniter.php(934): App\Controllers\ParkingSlotController->index()
 2 SYSTEMPATH/CodeIgniter.php(499): CodeIgniter\CodeIgniter->runController()
 3 SYSTEMPATH/CodeIgniter.php(368): CodeIgniter\CodeIgniter->handleRequest()
 4 FCPATH/index.php(67): CodeIgniter\CodeIgniter->run()
CRITICAL - 2023-05-14 09:16:52 --> Class "Kreait\Firebase\ServiceAccount" not found
in APPPATH/Controllers/ParkingSlotController.php on line 25.
 1 SYSTEMPATH/CodeIgniter.php(934): App\Controllers\ParkingSlotController->index()
 2 SYSTEMPATH/CodeIgniter.php(499): CodeIgniter\CodeIgniter->runController()
 3 SYSTEMPATH/CodeIgniter.php(368): CodeIgniter\CodeIgniter->handleRequest()
 4 FCPATH/index.php(67): CodeIgniter\CodeIgniter->run()
CRITICAL - 2023-05-14 09:18:14 --> Class "Kreait\Firebase\ServiceAccount" not found
in APPPATH/Controllers/ParkingSlotController.php on line 25.
 1 SYSTEMPATH/CodeIgniter.php(934): App\Controllers\ParkingSlotController->index()
 2 SYSTEMPATH/CodeIgniter.php(499): CodeIgniter\CodeIgniter->runController()
 3 SYSTEMPATH/CodeIgniter.php(368): CodeIgniter\CodeIgniter->handleRequest()
 4 FCPATH/index.php(67): CodeIgniter\CodeIgniter->run()
CRITICAL - 2023-05-14 16:39:48 --> Class "Kreait\Firebase\ServiceAccount" not found
in APPPATH/Controllers/ParkingSlotController.php on line 25.
 1 SYSTEMPATH/CodeIgniter.php(934): App\Controllers\ParkingSlotController->index()
 2 SYSTEMPATH/CodeIgniter.php(499): CodeIgniter\CodeIgniter->runController()
 3 SYSTEMPATH/CodeIgniter.php(368): CodeIgniter\CodeIgniter->handleRequest()
 4 FCPATH/index.php(67): CodeIgniter\CodeIgniter->run()
CRITICAL - 2023-05-14 16:39:50 --> Class "Kreait\Firebase\ServiceAccount" not found
in APPPATH/Controllers/ParkingSlotController.php on line 25.
 1 SYSTEMPATH/CodeIgniter.php(934): App\Controllers\ParkingSlotController->index()
 2 SYSTEMPATH/CodeIgniter.php(499): CodeIgniter\CodeIgniter->runController()
 3 SYSTEMPATH/CodeIgniter.php(368): CodeIgniter\CodeIgniter->handleRequest()
 4 FCPATH/index.php(67): CodeIgniter\CodeIgniter->run()
CRITICAL - 2023-05-14 16:39:53 --> Class "Kreait\Firebase\ServiceAccount" not found
in APPPATH/Controllers/ParkingSlotController.php on line 25.
 1 SYSTEMPATH/CodeIgniter.php(934): App\Controllers\ParkingSlotController->index()
 2 SYSTEMPATH/CodeIgniter.php(499): CodeIgniter\CodeIgniter->runController()
 3 SYSTEMPATH/CodeIgniter.php(368): CodeIgniter\CodeIgniter->handleRequest()
 4 FCPATH/index.php(67): CodeIgniter\CodeIgniter->run()
CRITICAL - 2023-05-14 16:40:01 --> Class "Kreait\Firebase\ServiceAccount" not found
in APPPATH/Controllers/ParkingSlotController.php on line 25.
 1 SYSTEMPATH/CodeIgniter.php(934): App\Controllers\ParkingSlotController->index()
 2 SYSTEMPATH/CodeIgniter.php(499): CodeIgniter\CodeIgniter->runController()
 3 SYSTEMPATH/CodeIgniter.php(368): CodeIgniter\CodeIgniter->handleRequest()
 4 FCPATH/index.php(67): CodeIgniter\CodeIgniter->run()
CRITICAL - 2023-05-14 17:09:24 --> Class "Kreait\Firebase\ServiceAccount" not found
in APPPATH/Controllers/ParkingSlotController.php on line 25.
 1 SYSTEMPATH/CodeIgniter.php(934): App\Controllers\ParkingSlotController->index()
 2 SYSTEMPATH/CodeIgniter.php(499): CodeIgniter\CodeIgniter->runController()
 3 SYSTEMPATH/CodeIgniter.php(368): CodeIgniter\CodeIgniter->handleRequest()
 4 FCPATH/index.php(67): CodeIgniter\CodeIgniter->run()
CRITICAL - 2023-05-14 17:11:33 --> Class "Kreait\Firebase\ServiceAccount" not found
in APPPATH/Controllers/ParkingSlotController.php on line 25.
 1 SYSTEMPATH/CodeIgniter.php(934): App\Controllers\ParkingSlotController->index()
 2 SYSTEMPATH/CodeIgniter.php(499): CodeIgniter\CodeIgniter->runController()
 3 SYSTEMPATH/CodeIgniter.php(368): CodeIgniter\CodeIgniter->handleRequest()
 4 FCPATH/index.php(67): CodeIgniter\CodeIgniter->run()
CRITICAL - 2023-05-14 17:11:34 --> Class "Kreait\Firebase\ServiceAccount" not found
in APPPATH/Controllers/ParkingSlotController.php on line 25.
 1 SYSTEMPATH/CodeIgniter.php(934): App\Controllers\ParkingSlotController->index()
 2 SYSTEMPATH/CodeIgniter.php(499): CodeIgniter\CodeIgniter->runController()
 3 SYSTEMPATH/CodeIgniter.php(368): CodeIgniter\CodeIgniter->handleRequest()
 4 FCPATH/index.php(67): CodeIgniter\CodeIgniter->run()
CRITICAL - 2023-05-14 17:13:57 --> Undefined variable $data
in APPPATH/Controllers/ParkingSlotController.php on line 24.
 1 APPPATH/Controllers/ParkingSlotController.php(24): CodeIgniter\Debug\Exceptions->errorHandler()
 2 SYSTEMPATH/CodeIgniter.php(934): App\Controllers\ParkingSlotController->index()
 3 SYSTEMPATH/CodeIgniter.php(499): CodeIgniter\CodeIgniter->runController()
 4 SYSTEMPATH/CodeIgniter.php(368): CodeIgniter\CodeIgniter->handleRequest()
 5 FCPATH/index.php(67): CodeIgniter\CodeIgniter->run()
CRITICAL - 2023-05-14 17:16:21 --> syntax error, unexpected token "}", expecting ";"
in APPPATH/Controllers/ParkingSlotController.php on line 22.
 1 SYSTEMPATH/Autoloader/Autoloader.php(289): CodeIgniter\Autoloader\Autoloader->includeFile()
 2 SYSTEMPATH/Autoloader/Autoloader.php(267): CodeIgniter\Autoloader\Autoloader->loadInNamespace()
 3 [internal function]: CodeIgniter\Autoloader\Autoloader->loadClass()
 4 SYSTEMPATH/CodeIgniter.php(892): class_exists()
 5 SYSTEMPATH/CodeIgniter.php(486): CodeIgniter\CodeIgniter->startController()
 6 SYSTEMPATH/CodeIgniter.php(368): CodeIgniter\CodeIgniter->handleRequest()
 7 FCPATH/index.php(67): CodeIgniter\CodeIgniter->run()
CRITICAL - 2023-05-14 17:16:38 --> Undefined variable $data
in APPPATH/Controllers/ParkingSlotController.php on line 24.
 1 APPPATH/Controllers/ParkingSlotController.php(24): CodeIgniter\Debug\Exceptions->errorHandler()
 2 SYSTEMPATH/CodeIgniter.php(934): App\Controllers\ParkingSlotController->index()
 3 SYSTEMPATH/CodeIgniter.php(499): CodeIgniter\CodeIgniter->runController()
 4 SYSTEMPATH/CodeIgniter.php(368): CodeIgniter\CodeIgniter->handleRequest()
 5 FCPATH/index.php(67): CodeIgniter\CodeIgniter->run()
CRITICAL - 2023-05-14 17:16:40 --> Undefined variable $data
in APPPATH/Controllers/ParkingSlotController.php on line 24.
 1 APPPATH/Controllers/ParkingSlotController.php(24): CodeIgniter\Debug\Exceptions->errorHandler()
 2 SYSTEMPATH/CodeIgniter.php(934): App\Controllers\ParkingSlotController->index()
 3 SYSTEMPATH/CodeIgniter.php(499): CodeIgniter\CodeIgniter->runController()
 4 SYSTEMPATH/CodeIgniter.php(368): CodeIgniter\CodeIgniter->handleRequest()
 5 FCPATH/index.php(67): CodeIgniter\CodeIgniter->run()
CRITICAL - 2023-05-14 17:16:40 --> Undefined variable $data
in APPPATH/Controllers/ParkingSlotController.php on line 24.
 1 APPPATH/Controllers/ParkingSlotController.php(24): CodeIgniter\Debug\Exceptions->errorHandler()
 2 SYSTEMPATH/CodeIgniter.php(934): App\Controllers\ParkingSlotController->index()
 3 SYSTEMPATH/CodeIgniter.php(499): CodeIgniter\CodeIgniter->runController()
 4 SYSTEMPATH/CodeIgniter.php(368): CodeIgniter\CodeIgniter->handleRequest()
 5 FCPATH/index.php(67): CodeIgniter\CodeIgniter->run()
CRITICAL - 2023-05-14 17:16:40 --> Undefined variable $data
in APPPATH/Controllers/ParkingSlotController.php on line 24.
 1 APPPATH/Controllers/ParkingSlotController.php(24): CodeIgniter\Debug\Exceptions->errorHandler()
 2 SYSTEMPATH/CodeIgniter.php(934): App\Controllers\ParkingSlotController->index()
 3 SYSTEMPATH/CodeIgniter.php(499): CodeIgniter\CodeIgniter->runController()
 4 SYSTEMPATH/CodeIgniter.php(368): CodeIgniter\CodeIgniter->handleRequest()
 5 FCPATH/index.php(67): CodeIgniter\CodeIgniter->run()
CRITICAL - 2023-05-14 17:16:52 --> Undefined variable $data
in APPPATH/Controllers/ParkingSlotController.php on line 24.
 1 APPPATH/Controllers/ParkingSlotController.php(24): CodeIgniter\Debug\Exceptions->errorHandler()
 2 SYSTEMPATH/CodeIgniter.php(934): App\Controllers\ParkingSlotController->index()
 3 SYSTEMPATH/CodeIgniter.php(499): CodeIgniter\CodeIgniter->runController()
 4 SYSTEMPATH/CodeIgniter.php(368): CodeIgniter\CodeIgniter->handleRequest()
 5 FCPATH/index.php(67): CodeIgniter\CodeIgniter->run()
CRITICAL - 2023-05-14 17:18:16 --> Undefined variable $data
in APPPATH/Controllers/ParkingSlotController.php on line 24.
 1 APPPATH/Controllers/ParkingSlotController.php(24): CodeIgniter\Debug\Exceptions->errorHandler()
 2 SYSTEMPATH/CodeIgniter.php(934): App\Controllers\ParkingSlotController->index()
 3 SYSTEMPATH/CodeIgniter.php(499): CodeIgniter\CodeIgniter->runController()
 4 SYSTEMPATH/CodeIgniter.php(368): CodeIgniter\CodeIgniter->handleRequest()
 5 FCPATH/index.php(67): CodeIgniter\CodeIgniter->run()
CRITICAL - 2023-05-14 17:19:26 --> Undefined variable $data
in APPPATH/Controllers/ParkingSlotController.php on line 24.
 1 APPPATH/Controllers/ParkingSlotController.php(24): CodeIgniter\Debug\Exceptions->errorHandler()
 2 SYSTEMPATH/CodeIgniter.php(934): App\Controllers\ParkingSlotController->index()
 3 SYSTEMPATH/CodeIgniter.php(499): CodeIgniter\CodeIgniter->runController()
 4 SYSTEMPATH/CodeIgniter.php(368): CodeIgniter\CodeIgniter->handleRequest()
 5 FCPATH/index.php(67): CodeIgniter\CodeIgniter->run()
CRITICAL - 2023-05-14 17:21:41 --> count(): Argument #1 ($value) must be of type Countable|array, null given
in APPPATH/Views/ParkingSlotView.php on line 38.
 1 SYSTEMPATH/View/View.php(213): include()
 2 SYSTEMPATH/View/View.php(216): CodeIgniter\View\View->CodeIgniter\View\{closure}()
 3 SYSTEMPATH/Common.php(1184): CodeIgniter\View\View->render()
 4 APPPATH/Controllers/ParkingSlotController.php(24): view()
 5 SYSTEMPATH/CodeIgniter.php(934): App\Controllers\ParkingSlotController->index()
 6 SYSTEMPATH/CodeIgniter.php(499): CodeIgniter\CodeIgniter->runController()
 7 SYSTEMPATH/CodeIgniter.php(368): CodeIgniter\CodeIgniter->handleRequest()
 8 FCPATH/index.php(67): CodeIgniter\CodeIgniter->run()
CRITICAL - 2023-05-14 17:21:45 --> Undefined variable $data
in APPPATH/Controllers/ParkingSlotController.php on line 24.
 1 APPPATH/Controllers/ParkingSlotController.php(24): CodeIgniter\Debug\Exceptions->errorHandler()
 2 SYSTEMPATH/CodeIgniter.php(934): App\Controllers\ParkingSlotController->index()
 3 SYSTEMPATH/CodeIgniter.php(499): CodeIgniter\CodeIgniter->runController()
 4 SYSTEMPATH/CodeIgniter.php(368): CodeIgniter\CodeIgniter->handleRequest()
 5 FCPATH/index.php(67): CodeIgniter\CodeIgniter->run()
CRITICAL - 2023-05-14 17:22:56 --> Undefined variable $data
in APPPATH/Controllers/ParkingSlotController.php on line 24.
 1 APPPATH/Controllers/ParkingSlotController.php(24): CodeIgniter\Debug\Exceptions->errorHandler()
 2 SYSTEMPATH/CodeIgniter.php(934): App\Controllers\ParkingSlotController->index()
 3 SYSTEMPATH/CodeIgniter.php(499): CodeIgniter\CodeIgniter->runController()
 4 SYSTEMPATH/CodeIgniter.php(368): CodeIgniter\CodeIgniter->handleRequest()
 5 FCPATH/index.php(67): CodeIgniter\CodeIgniter->run()
CRITICAL - 2023-05-14 17:23:40 --> Undefined variable $data
in APPPATH/Controllers/ParkingSlotController.php on line 22.
 1 APPPATH/Controllers/ParkingSlotController.php(22): CodeIgniter\Debug\Exceptions->errorHandler()
 2 SYSTEMPATH/CodeIgniter.php(934): App\Controllers\ParkingSlotController->index()
 3 SYSTEMPATH/CodeIgniter.php(499): CodeIgniter\CodeIgniter->runController()
 4 SYSTEMPATH/CodeIgniter.php(368): CodeIgniter\CodeIgniter->handleRequest()
 5 FCPATH/index.php(67): CodeIgniter\CodeIgniter->run()
CRITICAL - 2023-05-14 17:25:34 --> Undefined variable $data
in APPPATH/Controllers/ParkingSlotController.php on line 22.
 1 APPPATH/Controllers/ParkingSlotController.php(22): CodeIgniter\Debug\Exceptions->errorHandler()
 2 SYSTEMPATH/CodeIgniter.php(934): App\Controllers\ParkingSlotController->index()
 3 SYSTEMPATH/CodeIgniter.php(499): CodeIgniter\CodeIgniter->runController()
 4 SYSTEMPATH/CodeIgniter.php(368): CodeIgniter\CodeIgniter->handleRequest()
 5 FCPATH/index.php(67): CodeIgniter\CodeIgniter->run()
CRITICAL - 2023-05-14 17:26:27 --> Undefined variable $data
in APPPATH/Controllers/ParkingSlotController.php on line 22.
 1 APPPATH/Controllers/ParkingSlotController.php(22): CodeIgniter\Debug\Exceptions->errorHandler()
 2 SYSTEMPATH/CodeIgniter.php(934): App\Controllers\ParkingSlotController->index()
 3 SYSTEMPATH/CodeIgniter.php(499): CodeIgniter\CodeIgniter->runController()
 4 SYSTEMPATH/CodeIgniter.php(368): CodeIgniter\CodeIgniter->handleRequest()
 5 FCPATH/index.php(67): CodeIgniter\CodeIgniter->run()
CRITICAL - 2023-05-14 17:26:30 --> Undefined variable $data
in APPPATH/Controllers/ParkingSlotController.php on line 22.
 1 APPPATH/Controllers/ParkingSlotController.php(22): CodeIgniter\Debug\Exceptions->errorHandler()
 2 SYSTEMPATH/CodeIgniter.php(934): App\Controllers\ParkingSlotController->index()
 3 SYSTEMPATH/CodeIgniter.php(499): CodeIgniter\CodeIgniter->runController()
 4 SYSTEMPATH/CodeIgniter.php(368): CodeIgniter\CodeIgniter->handleRequest()
 5 FCPATH/index.php(67): CodeIgniter\CodeIgniter->run()
